Flutter crash report.
Please report a bug at https://github.com/flutter/flutter/issues.

## command

flutter test test/models/models_coverage_test.dart test/screens/auth_screen_test.dart test/screens/menu_screen_test.dart test/screens/welcome_screen_test.dart test/screens/onboarding_screen_test.dart test/screens/orders_screen_test.dart

## exception

PathExistsException: PathExistsException: Cannot copy file to 'C:\Users\QUICK-DEV-IT\Desktop\Noogo-App\build\unit_test_assets\NativeAssetsManifest.json', path = 'C:\Users\QUICK-DEV-IT\Desktop\Noogo-App\build\native_assets\windows\native_assets.json' (OS Error: Impossible de créer un fichier déjà existant.
, errno = 183)

```
#0      _checkForErrorResponse (dart:io/common.dart:58:9)
#1      _File.copy.<anonymous closure> (dart:io/file_impl.dart:409:7)
#2      _rootRunUnary (dart:async/zone.dart:1538:47)
#3      _CustomZone.runUnary (dart:async/zone.dart:1429:19)
<asynchronous suspension>
#4      ForwardingFile.copy (package:file/src/forwarding/forwarding_file.dart:29:51)
<asynchronous suspension>
#5      ForwardingFile.copy (package:file/src/forwarding/forwarding_file.dart:29:51)
<asynchronous suspension>
#6      TestCommand.runCommand (package:flutter_tools/src/commands/test.dart:499:7)
<asynchronous suspension>
#7      FlutterCommand.run.<anonymous closure> (package:flutter_tools/src/runner/flutter_command.dart:1563:27)
<asynchronous suspension>
#8      AppContext.run.<anonymous closure> (package:flutter_tools/src/base/context.dart:154:19)
<asynchronous suspension>
#9      CommandRunner.runCommand (package:args/command_runner.dart:212:13)
<asynchronous suspension>
#10     FlutterCommandRunner.runCommand.<anonymous closure> (package:flutter_tools/src/runner/flutter_command_runner.dart:494:9)
<asynchronous suspension>
#11     AppContext.run.<anonymous closure> (package:flutter_tools/src/base/context.dart:154:19)
<asynchronous suspension>
#12     FlutterCommandRunner.runCommand (package:flutter_tools/src/runner/flutter_command_runner.dart:431:5)
<asynchronous suspension>
#13     run.<anonymous closure>.<anonymous closure> (package:flutter_tools/runner.dart:98:11)
<asynchronous suspension>
#14     AppContext.run.<anonymous closure> (package:flutter_tools/src/base/context.dart:154:19)
<asynchronous suspension>
#15     main (package:flutter_tools/executable.dart:102:3)
<asynchronous suspension>
```

## flutter doctor

```
[✓] Flutter (Channel stable, 3.32.8, on Microsoft Windows [version 10.0.26200.8246], locale fr-BF) [1 323ms]
    • Flutter version 3.32.8 on channel stable at C:\flutter
    • Upstream repository https://github.com/flutter/flutter.git
    • Framework revision edada7c56e (9 months ago), 2025-07-25 14:08:03 +0000
    • Engine revision ef0cd00091
    • Dart version 3.8.1
    • DevTools version 2.45.1

[✓] Windows Version (Windows 11 or higher, 25H2, 2009) [6,9s]

[✓] Android toolchain - develop for Android devices (Android SDK version 36.0.0) [8,3s]
    • Android SDK at C:\Users\QUICK-DEV-IT\AppData\Local\Android\sdk
    • Platform android-36, build-tools 36.0.0
    • Java binary at: C:\Program Files\Android\Android Studio\jbr\bin\java
      This is the JDK bundled with the latest Android Studio installation on this machine.
      To manually set the JDK path, use: `flutter config --jdk-dir="path/to/jdk"`.
    • Java version OpenJDK Runtime Environment (build 21.0.6+-13391695-b895.109)
    • All Android licenses accepted.

[✓] Chrome - develop for the web [656ms]
    • Chrome at C:\Program Files\Google\Chrome\Application\chrome.exe

[✓] Visual Studio - develop Windows apps (Visual Studio Build Tools 2019 16.11.50) [654ms]
    • Visual Studio at C:\Program Files (x86)\Microsoft Visual Studio\2019\BuildTools
    • Visual Studio Build Tools 2019 version 16.11.36324.18
    • Windows 10 SDK version 10.0.19041.0

[✓] Android Studio (version 2025.1.2) [31ms]
    • Android Studio at C:\Program Files\Android\Android Studio
    • Flutter plugin can be installed from:
      🔨 https://plugins.jetbrains.com/plugin/9212-flutter
    • Dart plugin can be installed from:
      🔨 https://plugins.jetbrains.com/plugin/6351-dart
    • Java version OpenJDK Runtime Environment (build 21.0.6+-13391695-b895.109)

[✓] VS Code (version unknown) [27ms]
    • VS Code at C:\Users\QUICK-DEV-IT\AppData\Local\Programs\Microsoft VS Code
    • Flutter extension version 3.132.0
    ✗ Unable to determine VS Code version.

[✓] Connected device (3 available) [2,7s]
    • Windows (desktop) • windows • windows-x64    • Microsoft Windows [version 10.0.26200.8246]
    • Chrome (web)      • chrome  • web-javascript • Google Chrome 147.0.7727.56
    • Edge (web)        • edge    • web-javascript • Microsoft Edge 147.0.3912.60

[✓] Network resources [1 444ms]
    • All expected network resources are available.

• No issues found!
```
