#
# There is insufficient memory for the Java Runtime Environment to continue.
# Native memory allocation (malloc) failed to allocate 1207200 bytes for Chunk::new
# Possible reasons:
#   The system is out of physical RAM or swap space
#   The process is running with CompressedOops enabled, and the Java Heap may be blocking the growth of the native heap
# Possible solutions:
#   Reduce memory load on the system
#   Increase physical memory or swap space
#   Check if swap backing store is full
#   Decrease Java heap size (-Xmx/-Xms)
#   Decrease number of Java threads
#   Decrease Java thread stack sizes (-Xss)
#   Set larger code cache with -XX:ReservedCodeCacheSize=
#   JVM is running with Unscaled Compressed Oops mode in which the Java heap is
#     placed in the first 4GB address space. The Java Heap base address is the
#     maximum limit for the native heap growth. Please use -XX:HeapBaseMinAddress
#     to set the Java Heap base and to place the Java Heap above 4GB virtual address.
# This output file may be truncated or incomplete.
#
#  Out of Memory Error (arena.cpp:189), pid=28812, tid=5924
#
# JRE version: Java(TM) SE Runtime Environment (17.0.16+12) (build 17.0.16+12-LTS-247)
# Java VM: Java HotSpot(TM) 64-Bit Server VM (17.0.16+12-LTS-247, mixed mode, sharing, tiered, compressed oops, compressed class ptrs, g1 gc, windows-amd64)
# No core dump will be written. Minidumps are not enabled by default on client versions of Windows
#

---------------  S U M M A R Y ------------

Command Line: org.jetbrains.kotlin.cli.jvm.K2JVMCompiler @C:\flutter\packages\flutter_tools\gradle\build\20260419_11034106564158005176.compiler.options

Host: Intel(R) Core(TM) Ultra 5 125U, 14 cores, 7G,  Windows 11 , 64 bit Build 26100 (10.0.26100.8246)
Time: Sun Apr 19 11:40:08 2026 Greenwich elapsed time: 14.559486 seconds (0d 0h 0m 14s)

---------------  T H R E A D  ---------------

Current thread (0x0000019a672905a0):  JavaThread "C2 CompilerThread1" daemon [_thread_in_native, id=5924, stack(0x0000004716e00000,0x0000004716f00000)]


Current CompileTask:
C2:  14559 3784       4       org.jetbrains.org.objectweb.asm.ClassReader::readMethod (1061 bytes)

Stack: [0x0000004716e00000,0x0000004716f00000]
Native frames: (J=compiled Java code, j=interpreted, Vv=VM code, C=native code)
V  [jvm.dll+0x67a46a]
V  [jvm.dll+0x7da77d]
V  [jvm.dll+0x7dc0c3]
V  [jvm.dll+0x7dc733]
V  [jvm.dll+0x24523f]
V  [jvm.dll+0xab763]
V  [jvm.dll+0xabd2c]
V  [jvm.dll+0x361f0e]
V  [jvm.dll+0x1ba33a]
V  [jvm.dll+0x216b47]
V  [jvm.dll+0x215e1f]
V  [jvm.dll+0x1a2a00]
V  [jvm.dll+0x2262bb]
V  [jvm.dll+0x22445b]
V  [jvm.dll+0x790b9c]
V  [jvm.dll+0x78b18a]
V  [jvm.dll+0x679355]
C  [ucrtbase.dll+0x37b0]
C  [KERNEL32.DLL+0x2e8d7]
C  [ntdll.dll+0x8c3fc]


---------------  P R O C E S S  ---------------

Threads class SMR info:
_java_thread_list=0x0000019a6838f9c0, length=14, elements={
0x0000019a774128b0, 0x0000019a7ea85460, 0x0000019a7ea87a30, 0x0000019a7ea9f690,
0x0000019a7ea9fc50, 0x0000019a7eaa0210, 0x0000019a7eaa07d0, 0x0000019a7eaa9190,
0x0000019a7eaa9c50, 0x0000019a189a0020, 0x0000019a18a89520, 0x0000019a18a94e40,
0x0000019a672905a0, 0x0000019a67819680
}

Java Threads: ( => current thread )
  0x0000019a774128b0 JavaThread "main" [_thread_blocked, id=17512, stack(0x0000004714a00000,0x0000004714b00000)]
  0x0000019a7ea85460 JavaThread "Reference Handler" daemon [_thread_blocked, id=27176, stack(0x0000004715100000,0x0000004715200000)]
  0x0000019a7ea87a30 JavaThread "Finalizer" daemon [_thread_blocked, id=29604, stack(0x0000004715200000,0x0000004715300000)]
  0x0000019a7ea9f690 JavaThread "Signal Dispatcher" daemon [_thread_blocked, id=8372, stack(0x0000004715300000,0x0000004715400000)]
  0x0000019a7ea9fc50 JavaThread "Attach Listener" daemon [_thread_blocked, id=29568, stack(0x0000004715400000,0x0000004715500000)]
  0x0000019a7eaa0210 JavaThread "Service Thread" daemon [_thread_blocked, id=25480, stack(0x0000004715500000,0x0000004715600000)]
  0x0000019a7eaa07d0 JavaThread "Monitor Deflation Thread" daemon [_thread_blocked, id=16856, stack(0x0000004715600000,0x0000004715700000)]
  0x0000019a7eaa9190 JavaThread "C2 CompilerThread0" daemon [_thread_in_native, id=5280, stack(0x0000004715700000,0x0000004715800000)]
  0x0000019a7eaa9c50 JavaThread "C1 CompilerThread0" daemon [_thread_in_vm, id=9580, stack(0x0000004715800000,0x0000004715900000)]
  0x0000019a189a0020 JavaThread "Sweeper thread" daemon [_thread_blocked, id=16312, stack(0x0000004715900000,0x0000004715a00000)]
  0x0000019a18a89520 JavaThread "Notification Thread" daemon [_thread_blocked, id=1848, stack(0x0000004715a00000,0x0000004715b00000)]
  0x0000019a18a94e40 JavaThread "Common-Cleaner" daemon [_thread_blocked, id=29356, stack(0x0000004715c00000,0x0000004715d00000)]
=>0x0000019a672905a0 JavaThread "C2 CompilerThread1" daemon [_thread_in_native, id=5924, stack(0x0000004716e00000,0x0000004716f00000)]
  0x0000019a67819680 JavaThread "C2 CompilerThread2" daemon [_thread_in_native, id=12344, stack(0x0000004716f00000,0x0000004717000000)]

Other Threads:
  0x0000019a7ea81ac0 VMThread "VM Thread" [stack: 0x0000004715000000,0x0000004715100000] [id=21132]
  0x0000019a774a4540 WatcherThread [stack: 0x0000004715b00000,0x0000004715c00000] [id=29504]
  0x0000019a7746ab90 GCTaskThread "GC Thread#0" [stack: 0x0000004714b00000,0x0000004714c00000] [id=10320]
  0x0000019a5e2b5480 GCTaskThread "GC Thread#1" [stack: 0x0000004715d00000,0x0000004715e00000] [id=23012]
  0x0000019a5e2dd100 GCTaskThread "GC Thread#2" [stack: 0x0000004715e00000,0x0000004715f00000] [id=28224]
  0x0000019a5e2df3d0 GCTaskThread "GC Thread#3" [stack: 0x0000004715f00000,0x0000004716000000] [id=25736]
  0x0000019a5e2df690 GCTaskThread "GC Thread#4" [stack: 0x0000004716000000,0x0000004716100000] [id=10604]
  0x0000019a5e2df950 GCTaskThread "GC Thread#5" [stack: 0x0000004716100000,0x0000004716200000] [id=10168]
  0x0000019a5e38c7a0 GCTaskThread "GC Thread#6" [stack: 0x0000004716200000,0x0000004716300000] [id=18248]
  0x0000019a5e558890 GCTaskThread "GC Thread#7" [stack: 0x0000004716300000,0x0000004716400000] [id=19620]
  0x0000019a5e85e430 GCTaskThread "GC Thread#8" [stack: 0x0000004716600000,0x0000004716700000] [id=29584]
  0x0000019a5e85e9b0 GCTaskThread "GC Thread#9" [stack: 0x0000004716700000,0x0000004716800000] [id=29648]
  0x0000019a5e85f1f0 GCTaskThread "GC Thread#10" [stack: 0x0000004716d00000,0x0000004716e00000] [id=13084]
  0x0000019a7747b630 ConcurrentGCThread "G1 Main Marker" [stack: 0x0000004714c00000,0x0000004714d00000] [id=29440]
  0x0000019a7747cdf0 ConcurrentGCThread "G1 Conc#0" [stack: 0x0000004714d00000,0x0000004714e00000] [id=26752]
  0x0000019a5e85deb0 ConcurrentGCThread "G1 Conc#1" [stack: 0x0000004716b00000,0x0000004716c00000] [id=3412]
  0x0000019a5e85ec70 ConcurrentGCThread "G1 Conc#2" [stack: 0x0000004716c00000,0x0000004716d00000] [id=28780]
  0x0000019a774d8090 ConcurrentGCThread "G1 Refine#0" [stack: 0x0000004714e00000,0x0000004714f00000] [id=15620]
  0x0000019a5ef71a70 ConcurrentGCThread "G1 Refine#1" [stack: 0x0000004716800000,0x0000004716900000] [id=28648]
  0x0000019a67287e30 ConcurrentGCThread "G1 Refine#2" [stack: 0x0000004716900000,0x0000004716a00000] [id=20580]
  0x0000019a67288120 ConcurrentGCThread "G1 Refine#3" [stack: 0x0000004716400000,0x0000004716500000] [id=18132]
  0x0000019a672869a0 ConcurrentGCThread "G1 Refine#4" [stack: 0x0000004716500000,0x0000004716600000] [id=24296]
  0x0000019a67287270 ConcurrentGCThread "G1 Refine#5" [stack: 0x0000004716a00000,0x0000004716b00000] [id=28500]
  0x0000019a774da480 ConcurrentGCThread "G1 Service" [stack: 0x0000004714f00000,0x0000004715000000] [id=12784]

Threads with active compile tasks:
C2 CompilerThread0    14610 3941       4       org.jetbrains.kotlin.parsing.SemanticWhitespaceAwarePsiBuilderImpl::advanceLexer (56 bytes)
C1 CompilerThread0    14610 4003       3       jdk.internal.jimage.ImageReader$SharedImageReader::lambda$handleModulesSubTree$1 (43 bytes)
C2 CompilerThread1    14610 3784       4       org.jetbrains.org.objectweb.asm.ClassReader::readMethod (1061 bytes)
C2 CompilerThread2    14611 3954       4       org.jetbrains.kotlin.com.intellij.psi.impl.source.tree.CompositeElement::rawAddChildrenWithoutNotifications (47 bytes)

VM state: not at safepoint (normal execution)

VM Mutex/Monitor currently owned by a thread: None

Heap address: 0x0000000088400000, size: 1916 MB, Compressed Oops mode: 32-bit

CDS archive(s) mapped at: [0x0000019a19000000-0x0000019a19bd0000-0x0000019a19bd0000), size 12386304, SharedBaseAddress: 0x0000019a19000000, ArchiveRelocationMode: 1.
Compressed class space mapped at: 0x0000019a1a000000-0x0000019a5a000000, reserved size: 1073741824
Narrow klass base: 0x0000019a19000000, Narrow klass shift: 0, Narrow klass range: 0x100000000

GC Precious Log:
 CPUs: 14 total, 14 available
 Memory: 7657M
 Large Page Support: Disabled
 NUMA Support: Disabled
 Compressed Oops: Enabled (32-bit)
 Heap Region Size: 1M
 Heap Min Capacity: 8M
 Heap Initial Capacity: 120M
 Heap Max Capacity: 1916M
 Pre-touch: Disabled
 Parallel Workers: 11
 Concurrent Workers: 3
 Concurrent Refinement Workers: 11
 Periodic GC: Disabled

Heap:
 garbage-first heap   total 191488K, used 62715K [0x0000000088400000, 0x0000000100000000)
  region size 1024K, 13 young (13312K), 3 survivors (3072K)
 Metaspace       used 40668K, committed 41088K, reserved 1114112K
  class space    used 4928K, committed 5120K, reserved 1048576K

Heap Regions: E=young(eden), S=young(survivor), O=old, HS=humongous(starts), HC=humongous(continues), CS=collection set, F=free, OA=open archive, CA=closed archive, TAMS=top-at-mark-start (previous, next)
|   0|0x0000000088400000, 0x0000000088500000, 0x0000000088500000|100%|HS|  |TAMS 0x0000000088500000, 0x0000000088400000| Complete 
|   1|0x0000000088500000, 0x0000000088600000, 0x0000000088600000|100%|HC|  |TAMS 0x0000000088600000, 0x0000000088500000| Complete 
|   2|0x0000000088600000, 0x0000000088700000, 0x0000000088700000|100%|HC|  |TAMS 0x0000000088700000, 0x0000000088600000| Complete 
|   3|0x0000000088700000, 0x0000000088800000, 0x0000000088800000|100%| O|  |TAMS 0x0000000088800000, 0x0000000088700000| Untracked 
|   4|0x0000000088800000, 0x0000000088900000, 0x0000000088900000|100%| O|  |TAMS 0x0000000088900000, 0x0000000088800000| Untracked 
|   5|0x0000000088900000, 0x0000000088a00000, 0x0000000088a00000|100%| O|  |TAMS 0x0000000088a00000, 0x0000000088900000| Untracked 
|   6|0x0000000088a00000, 0x0000000088b00000, 0x0000000088b00000|100%| O|  |TAMS 0x0000000088b00000, 0x0000000088a00000| Untracked 
|   7|0x0000000088b00000, 0x0000000088c00000, 0x0000000088c00000|100%| O|  |TAMS 0x0000000088c00000, 0x0000000088b00000| Untracked 
|   8|0x0000000088c00000, 0x0000000088d00000, 0x0000000088d00000|100%| O|  |TAMS 0x0000000088d00000, 0x0000000088c00000| Untracked 
|   9|0x0000000088d00000, 0x0000000088e00000, 0x0000000088e00000|100%| O|  |TAMS 0x0000000088e00000, 0x0000000088d00000| Untracked 
|  10|0x0000000088e00000, 0x0000000088f00000, 0x0000000088f00000|100%| O|  |TAMS 0x0000000088f00000, 0x0000000088e00000| Untracked 
|  11|0x0000000088f00000, 0x0000000089000000, 0x0000000089000000|100%| O|  |TAMS 0x0000000089000000, 0x0000000088f00000| Untracked 
|  12|0x0000000089000000, 0x0000000089100000, 0x0000000089100000|100%| O|  |TAMS 0x0000000089100000, 0x0000000089000000| Untracked 
|  13|0x0000000089100000, 0x0000000089200000, 0x0000000089200000|100%| O|  |TAMS 0x0000000089200000, 0x0000000089100000| Untracked 
|  14|0x0000000089200000, 0x0000000089300000, 0x0000000089300000|100%|HS|  |TAMS 0x0000000089300000, 0x0000000089200000| Complete 
|  15|0x0000000089300000, 0x0000000089400000, 0x0000000089400000|100%| O|  |TAMS 0x0000000089400000, 0x0000000089300000| Untracked 
|  16|0x0000000089400000, 0x0000000089480000, 0x0000000089500000| 50%| O|  |TAMS 0x0000000089480000, 0x0000000089400000| Untracked 
|  17|0x0000000089500000, 0x0000000089600000, 0x0000000089600000|100%|HS|  |TAMS 0x0000000089600000, 0x0000000089500000| Complete 
|  18|0x0000000089600000, 0x0000000089700000, 0x0000000089700000|100%|HS|  |TAMS 0x0000000089700000, 0x0000000089600000| Complete 
|  19|0x0000000089700000, 0x0000000089800000, 0x0000000089800000|100%| O|  |TAMS 0x0000000089800000, 0x0000000089700000| Untracked 
|  20|0x0000000089800000, 0x0000000089900000, 0x0000000089900000|100%| O|  |TAMS 0x0000000089900000, 0x0000000089800000| Untracked 
|  21|0x0000000089900000, 0x0000000089a00000, 0x0000000089a00000|100%| O|  |TAMS 0x0000000089a00000, 0x0000000089900000| Untracked 
|  22|0x0000000089a00000, 0x0000000089b00000, 0x0000000089b00000|100%| O|  |TAMS 0x0000000089b00000, 0x0000000089a00000| Untracked 
|  23|0x0000000089b00000, 0x0000000089c00000, 0x0000000089c00000|100%| O|  |TAMS 0x0000000089c00000, 0x0000000089b00000| Untracked 
|  24|0x0000000089c00000, 0x0000000089d00000, 0x0000000089d00000|100%| O|  |TAMS 0x0000000089d00000, 0x0000000089c00000| Untracked 
|  25|0x0000000089d00000, 0x0000000089e00000, 0x0000000089e00000|100%| O|  |TAMS 0x0000000089e00000, 0x0000000089d00000| Untracked 
|  26|0x0000000089e00000, 0x0000000089f00000, 0x0000000089f00000|100%| O|  |TAMS 0x0000000089f00000, 0x0000000089e00000| Untracked 
|  27|0x0000000089f00000, 0x000000008a000000, 0x000000008a000000|100%| O|  |TAMS 0x000000008a000000, 0x0000000089f00000| Untracked 
|  28|0x000000008a000000, 0x000000008a100000, 0x000000008a100000|100%| O|  |TAMS 0x000000008a100000, 0x000000008a000000| Untracked 
|  29|0x000000008a100000, 0x000000008a200000, 0x000000008a200000|100%|HS|  |TAMS 0x000000008a200000, 0x000000008a100000| Complete 
|  30|0x000000008a200000, 0x000000008a300000, 0x000000008a300000|100%|HC|  |TAMS 0x000000008a300000, 0x000000008a200000| Complete 
|  31|0x000000008a300000, 0x000000008a400000, 0x000000008a400000|100%|HC|  |TAMS 0x000000008a400000, 0x000000008a300000| Complete 
|  32|0x000000008a400000, 0x000000008a500000, 0x000000008a500000|100%|HC|  |TAMS 0x000000008a500000, 0x000000008a400000| Complete 
|  33|0x000000008a500000, 0x000000008a600000, 0x000000008a600000|100%|HC|  |TAMS 0x000000008a600000, 0x000000008a500000| Complete 
|  34|0x000000008a600000, 0x000000008a700000, 0x000000008a700000|100%|HC|  |TAMS 0x000000008a700000, 0x000000008a600000| Complete 
|  35|0x000000008a700000, 0x000000008a800000, 0x000000008a800000|100%|HS|  |TAMS 0x000000008a800000, 0x000000008a700000| Complete 
|  36|0x000000008a800000, 0x000000008a900000, 0x000000008a900000|100%|HC|  |TAMS 0x000000008a900000, 0x000000008a800000| Complete 
|  37|0x000000008a900000, 0x000000008a900000, 0x000000008aa00000|  0%| F|  |TAMS 0x000000008a900000, 0x000000008a900000| Untracked 
|  38|0x000000008aa00000, 0x000000008ab00000, 0x000000008ab00000|100%| O|  |TAMS 0x000000008ab00000, 0x000000008aa00000| Untracked 
|  39|0x000000008ab00000, 0x000000008ac00000, 0x000000008ac00000|100%| O|  |TAMS 0x000000008ac00000, 0x000000008ab00000| Untracked 
|  40|0x000000008ac00000, 0x000000008ad00000, 0x000000008ad00000|100%| O|  |TAMS 0x000000008ad00000, 0x000000008ac00000| Untracked 
|  41|0x000000008ad00000, 0x000000008ae00000, 0x000000008ae00000|100%| O|  |TAMS 0x000000008ae00000, 0x000000008ad00000| Untracked 
|  42|0x000000008ae00000, 0x000000008af00000, 0x000000008af00000|100%| O|  |TAMS 0x000000008af00000, 0x000000008ae00000| Untracked 
|  43|0x000000008af00000, 0x000000008b000000, 0x000000008b000000|100%| O|  |TAMS 0x000000008b000000, 0x000000008af00000| Untracked 
|  44|0x000000008b000000, 0x000000008b100000, 0x000000008b100000|100%| O|  |TAMS 0x000000008b100000, 0x000000008b000000| Untracked 
|  45|0x000000008b100000, 0x000000008b200000, 0x000000008b200000|100%| O|  |TAMS 0x000000008b200000, 0x000000008b100000| Untracked 
|  46|0x000000008b200000, 0x000000008b300000, 0x000000008b300000|100%| O|  |TAMS 0x000000008b300000, 0x000000008b200000| Untracked 
|  47|0x000000008b300000, 0x000000008b400000, 0x000000008b400000|100%| O|  |TAMS 0x000000008b400000, 0x000000008b300000| Untracked 
|  48|0x000000008b400000, 0x000000008b500000, 0x000000008b500000|100%| O|  |TAMS 0x000000008b500000, 0x000000008b400000| Untracked 
|  49|0x000000008b500000, 0x000000008b600000, 0x000000008b600000|100%| O|  |TAMS 0x000000008b600000, 0x000000008b500000| Untracked 
|  50|0x000000008b600000, 0x000000008b700000, 0x000000008b700000|100%| O|  |TAMS 0x000000008b700000, 0x000000008b600000| Untracked 
|  51|0x000000008b700000, 0x000000008b770200, 0x000000008b800000| 43%| O|  |TAMS 0x000000008b770200, 0x000000008b700000| Complete 
|  52|0x000000008b800000, 0x000000008b800000, 0x000000008b900000|  0%| F|  |TAMS 0x000000008b800000, 0x000000008b800000| Untracked 
|  53|0x000000008b900000, 0x000000008b900000, 0x000000008ba00000|  0%| F|  |TAMS 0x000000008b900000, 0x000000008b900000| Untracked 
|  54|0x000000008ba00000, 0x000000008ba00000, 0x000000008bb00000|  0%| F|  |TAMS 0x000000008ba00000, 0x000000008ba00000| Untracked 
|  55|0x000000008bb00000, 0x000000008bb00000, 0x000000008bc00000|  0%| F|  |TAMS 0x000000008bb00000, 0x000000008bb00000| Untracked 
|  56|0x000000008bc00000, 0x000000008bc00000, 0x000000008bd00000|  0%| F|  |TAMS 0x000000008bc00000, 0x000000008bc00000| Untracked 
|  57|0x000000008bd00000, 0x000000008bd00000, 0x000000008be00000|  0%| F|  |TAMS 0x000000008bd00000, 0x000000008bd00000| Untracked 
|  58|0x000000008be00000, 0x000000008be00000, 0x000000008bf00000|  0%| F|  |TAMS 0x000000008be00000, 0x000000008be00000| Untracked 
|  59|0x000000008bf00000, 0x000000008bf00000, 0x000000008c000000|  0%| F|  |TAMS 0x000000008bf00000, 0x000000008bf00000| Untracked 
|  60|0x000000008c000000, 0x000000008c000000, 0x000000008c100000|  0%| F|  |TAMS 0x000000008c000000, 0x000000008c000000| Untracked 
|  61|0x000000008c100000, 0x000000008c100000, 0x000000008c200000|  0%| F|  |TAMS 0x000000008c100000, 0x000000008c100000| Untracked 
|  62|0x000000008c200000, 0x000000008c200000, 0x000000008c300000|  0%| F|  |TAMS 0x000000008c200000, 0x000000008c200000| Untracked 
|  63|0x000000008c300000, 0x000000008c300000, 0x000000008c400000|  0%| F|  |TAMS 0x000000008c300000, 0x000000008c300000| Untracked 
|  64|0x000000008c400000, 0x000000008c400000, 0x000000008c500000|  0%| F|  |TAMS 0x000000008c400000, 0x000000008c400000| Untracked 
|  65|0x000000008c500000, 0x000000008c500000, 0x000000008c600000|  0%| F|  |TAMS 0x000000008c500000, 0x000000008c500000| Untracked 
|  66|0x000000008c600000, 0x000000008c600000, 0x000000008c700000|  0%| F|  |TAMS 0x000000008c600000, 0x000000008c600000| Untracked 
|  67|0x000000008c700000, 0x000000008c700000, 0x000000008c800000|  0%| F|  |TAMS 0x000000008c700000, 0x000000008c700000| Untracked 
|  68|0x000000008c800000, 0x000000008c800000, 0x000000008c900000|  0%| F|  |TAMS 0x000000008c800000, 0x000000008c800000| Untracked 
|  69|0x000000008c900000, 0x000000008c900000, 0x000000008ca00000|  0%| F|  |TAMS 0x000000008c900000, 0x000000008c900000| Untracked 
|  70|0x000000008ca00000, 0x000000008ca4eb58, 0x000000008cb00000| 30%| S|CS|TAMS 0x000000008ca00000, 0x000000008ca00000| Complete 
|  71|0x000000008cb00000, 0x000000008cc00000, 0x000000008cc00000|100%| S|CS|TAMS 0x000000008cb00000, 0x000000008cb00000| Complete 
|  72|0x000000008cc00000, 0x000000008cd00000, 0x000000008cd00000|100%| S|CS|TAMS 0x000000008cc00000, 0x000000008cc00000| Complete 
|  73|0x000000008cd00000, 0x000000008cd00000, 0x000000008ce00000|  0%| F|  |TAMS 0x000000008cd00000, 0x000000008cd00000| Untracked 
|  74|0x000000008ce00000, 0x000000008ce00000, 0x000000008cf00000|  0%| F|  |TAMS 0x000000008ce00000, 0x000000008ce00000| Untracked 
|  75|0x000000008cf00000, 0x000000008cf00000, 0x000000008d000000|  0%| F|  |TAMS 0x000000008cf00000, 0x000000008cf00000| Untracked 
|  76|0x000000008d000000, 0x000000008d000000, 0x000000008d100000|  0%| F|  |TAMS 0x000000008d000000, 0x000000008d000000| Untracked 
|  77|0x000000008d100000, 0x000000008d100000, 0x000000008d200000|  0%| F|  |TAMS 0x000000008d100000, 0x000000008d100000| Untracked 
|  78|0x000000008d200000, 0x000000008d200000, 0x000000008d300000|  0%| F|  |TAMS 0x000000008d200000, 0x000000008d200000| Untracked 
|  79|0x000000008d300000, 0x000000008d300000, 0x000000008d400000|  0%| F|  |TAMS 0x000000008d300000, 0x000000008d300000| Untracked 
|  80|0x000000008d400000, 0x000000008d400000, 0x000000008d500000|  0%| F|  |TAMS 0x000000008d400000, 0x000000008d400000| Untracked 
|  81|0x000000008d500000, 0x000000008d500000, 0x000000008d600000|  0%| F|  |TAMS 0x000000008d500000, 0x000000008d500000| Untracked 
|  82|0x000000008d600000, 0x000000008d600000, 0x000000008d700000|  0%| F|  |TAMS 0x000000008d600000, 0x000000008d600000| Untracked 
|  83|0x000000008d700000, 0x000000008d700000, 0x000000008d800000|  0%| F|  |TAMS 0x000000008d700000, 0x000000008d700000| Untracked 
|  84|0x000000008d800000, 0x000000008d800000, 0x000000008d900000|  0%| F|  |TAMS 0x000000008d800000, 0x000000008d800000| Untracked 
|  85|0x000000008d900000, 0x000000008d900000, 0x000000008da00000|  0%| F|  |TAMS 0x000000008d900000, 0x000000008d900000| Untracked 
|  86|0x000000008da00000, 0x000000008da00000, 0x000000008db00000|  0%| F|  |TAMS 0x000000008da00000, 0x000000008da00000| Untracked 
|  87|0x000000008db00000, 0x000000008db00000, 0x000000008dc00000|  0%| F|  |TAMS 0x000000008db00000, 0x000000008db00000| Untracked 
|  88|0x000000008dc00000, 0x000000008dc00000, 0x000000008dd00000|  0%| F|  |TAMS 0x000000008dc00000, 0x000000008dc00000| Untracked 
|  89|0x000000008dd00000, 0x000000008dd00000, 0x000000008de00000|  0%| F|  |TAMS 0x000000008dd00000, 0x000000008dd00000| Untracked 
|  90|0x000000008de00000, 0x000000008de00000, 0x000000008df00000|  0%| F|  |TAMS 0x000000008de00000, 0x000000008de00000| Untracked 
|  91|0x000000008df00000, 0x000000008df00000, 0x000000008e000000|  0%| F|  |TAMS 0x000000008df00000, 0x000000008df00000| Untracked 
|  92|0x000000008e000000, 0x000000008e000000, 0x000000008e100000|  0%| F|  |TAMS 0x000000008e000000, 0x000000008e000000| Untracked 
|  93|0x000000008e100000, 0x000000008e100000, 0x000000008e200000|  0%| F|  |TAMS 0x000000008e100000, 0x000000008e100000| Untracked 
|  94|0x000000008e200000, 0x000000008e200000, 0x000000008e300000|  0%| F|  |TAMS 0x000000008e200000, 0x000000008e200000| Untracked 
|  95|0x000000008e300000, 0x000000008e300000, 0x000000008e400000|  0%| F|  |TAMS 0x000000008e300000, 0x000000008e300000| Untracked 
|  96|0x000000008e400000, 0x000000008e400000, 0x000000008e500000|  0%| F|  |TAMS 0x000000008e400000, 0x000000008e400000| Untracked 
|  97|0x000000008e500000, 0x000000008e500000, 0x000000008e600000|  0%| F|  |TAMS 0x000000008e500000, 0x000000008e500000| Untracked 
|  98|0x000000008e600000, 0x000000008e600000, 0x000000008e700000|  0%| F|  |TAMS 0x000000008e600000, 0x000000008e600000| Untracked 
|  99|0x000000008e700000, 0x000000008e700000, 0x000000008e800000|  0%| F|  |TAMS 0x000000008e700000, 0x000000008e700000| Untracked 
| 100|0x000000008e800000, 0x000000008e800000, 0x000000008e900000|  0%| F|  |TAMS 0x000000008e800000, 0x000000008e800000| Untracked 
| 101|0x000000008e900000, 0x000000008e900000, 0x000000008ea00000|  0%| F|  |TAMS 0x000000008e900000, 0x000000008e900000| Untracked 
| 102|0x000000008ea00000, 0x000000008ea00000, 0x000000008eb00000|  0%| F|  |TAMS 0x000000008ea00000, 0x000000008ea00000| Untracked 
| 103|0x000000008eb00000, 0x000000008eb00000, 0x000000008ec00000|  0%| F|  |TAMS 0x000000008eb00000, 0x000000008eb00000| Untracked 
| 104|0x000000008ec00000, 0x000000008ec00000, 0x000000008ed00000|  0%| F|  |TAMS 0x000000008ec00000, 0x000000008ec00000| Untracked 
| 105|0x000000008ed00000, 0x000000008ed00000, 0x000000008ee00000|  0%| F|  |TAMS 0x000000008ed00000, 0x000000008ed00000| Untracked 
| 106|0x000000008ee00000, 0x000000008ee00000, 0x000000008ef00000|  0%| F|  |TAMS 0x000000008ee00000, 0x000000008ee00000| Untracked 
| 107|0x000000008ef00000, 0x000000008ef00000, 0x000000008f000000|  0%| F|  |TAMS 0x000000008ef00000, 0x000000008ef00000| Untracked 
| 108|0x000000008f000000, 0x000000008f000000, 0x000000008f100000|  0%| F|  |TAMS 0x000000008f000000, 0x000000008f000000| Untracked 
| 109|0x000000008f100000, 0x000000008f100000, 0x000000008f200000|  0%| F|  |TAMS 0x000000008f100000, 0x000000008f100000| Untracked 
| 110|0x000000008f200000, 0x000000008f200000, 0x000000008f300000|  0%| F|  |TAMS 0x000000008f200000, 0x000000008f200000| Untracked 
| 111|0x000000008f300000, 0x000000008f300000, 0x000000008f400000|  0%| F|  |TAMS 0x000000008f300000, 0x000000008f300000| Untracked 
| 112|0x000000008f400000, 0x000000008f400000, 0x000000008f500000|  0%| F|  |TAMS 0x000000008f400000, 0x000000008f400000| Untracked 
| 113|0x000000008f500000, 0x000000008f500000, 0x000000008f600000|  0%| F|  |TAMS 0x000000008f500000, 0x000000008f500000| Untracked 
| 114|0x000000008f600000, 0x000000008f600000, 0x000000008f700000|  0%| F|  |TAMS 0x000000008f600000, 0x000000008f600000| Untracked 
| 115|0x000000008f700000, 0x000000008f700000, 0x000000008f800000|  0%| F|  |TAMS 0x000000008f700000, 0x000000008f700000| Untracked 
| 116|0x000000008f800000, 0x000000008f800000, 0x000000008f900000|  0%| F|  |TAMS 0x000000008f800000, 0x000000008f800000| Untracked 
| 117|0x000000008f900000, 0x000000008f900000, 0x000000008fa00000|  0%| F|  |TAMS 0x000000008f900000, 0x000000008f900000| Untracked 
| 118|0x000000008fa00000, 0x000000008fa00000, 0x000000008fb00000|  0%| F|  |TAMS 0x000000008fa00000, 0x000000008fa00000| Untracked 
| 119|0x000000008fb00000, 0x000000008fb00000, 0x000000008fc00000|  0%| F|  |TAMS 0x000000008fb00000, 0x000000008fb00000| Untracked 
| 120|0x000000008fc00000, 0x000000008fc00000, 0x000000008fd00000|  0%| F|  |TAMS 0x000000008fc00000, 0x000000008fc00000| Untracked 
| 121|0x000000008fd00000, 0x000000008fd00000, 0x000000008fe00000|  0%| F|  |TAMS 0x000000008fd00000, 0x000000008fd00000| Untracked 
| 122|0x000000008fe00000, 0x000000008fe00000, 0x000000008ff00000|  0%| F|  |TAMS 0x000000008fe00000, 0x000000008fe00000| Untracked 
| 123|0x000000008ff00000, 0x000000008ff00000, 0x0000000090000000|  0%| F|  |TAMS 0x000000008ff00000, 0x000000008ff00000| Untracked 
| 124|0x0000000090000000, 0x0000000090000000, 0x0000000090100000|  0%| F|  |TAMS 0x0000000090000000, 0x0000000090000000| Untracked 
| 125|0x0000000090100000, 0x0000000090100000, 0x0000000090200000|  0%| F|  |TAMS 0x0000000090100000, 0x0000000090100000| Untracked 
| 126|0x0000000090200000, 0x0000000090200000, 0x0000000090300000|  0%| F|  |TAMS 0x0000000090200000, 0x0000000090200000| Untracked 
| 127|0x0000000090300000, 0x0000000090300000, 0x0000000090400000|  0%| F|  |TAMS 0x0000000090300000, 0x0000000090300000| Untracked 
| 128|0x0000000090400000, 0x0000000090400000, 0x0000000090500000|  0%| F|  |TAMS 0x0000000090400000, 0x0000000090400000| Untracked 
| 129|0x0000000090500000, 0x0000000090500000, 0x0000000090600000|  0%| F|  |TAMS 0x0000000090500000, 0x0000000090500000| Untracked 
| 130|0x0000000090600000, 0x0000000090600000, 0x0000000090700000|  0%| F|  |TAMS 0x0000000090600000, 0x0000000090600000| Untracked 
| 131|0x0000000090700000, 0x0000000090700000, 0x0000000090800000|  0%| F|  |TAMS 0x0000000090700000, 0x0000000090700000| Untracked 
| 132|0x0000000090800000, 0x0000000090800000, 0x0000000090900000|  0%| F|  |TAMS 0x0000000090800000, 0x0000000090800000| Untracked 
| 133|0x0000000090900000, 0x0000000090900000, 0x0000000090a00000|  0%| F|  |TAMS 0x0000000090900000, 0x0000000090900000| Untracked 
| 134|0x0000000090a00000, 0x0000000090a00000, 0x0000000090b00000|  0%| F|  |TAMS 0x0000000090a00000, 0x0000000090a00000| Untracked 
| 135|0x0000000090b00000, 0x0000000090b00000, 0x0000000090c00000|  0%| F|  |TAMS 0x0000000090b00000, 0x0000000090b00000| Untracked 
| 136|0x0000000090c00000, 0x0000000090c00000, 0x0000000090d00000|  0%| F|  |TAMS 0x0000000090c00000, 0x0000000090c00000| Untracked 
| 137|0x0000000090d00000, 0x0000000090d00000, 0x0000000090e00000|  0%| F|  |TAMS 0x0000000090d00000, 0x0000000090d00000| Untracked 
| 138|0x0000000090e00000, 0x0000000090e00000, 0x0000000090f00000|  0%| F|  |TAMS 0x0000000090e00000, 0x0000000090e00000| Untracked 
| 139|0x0000000090f00000, 0x0000000090f00000, 0x0000000091000000|  0%| F|  |TAMS 0x0000000090f00000, 0x0000000090f00000| Untracked 
| 140|0x0000000091000000, 0x0000000091000000, 0x0000000091100000|  0%| F|  |TAMS 0x0000000091000000, 0x0000000091000000| Untracked 
| 141|0x0000000091100000, 0x0000000091100000, 0x0000000091200000|  0%| F|  |TAMS 0x0000000091100000, 0x0000000091100000| Untracked 
| 142|0x0000000091200000, 0x0000000091200000, 0x0000000091300000|  0%| F|  |TAMS 0x0000000091200000, 0x0000000091200000| Untracked 
| 143|0x0000000091300000, 0x0000000091300000, 0x0000000091400000|  0%| F|  |TAMS 0x0000000091300000, 0x0000000091300000| Untracked 
| 144|0x0000000091400000, 0x0000000091400000, 0x0000000091500000|  0%| F|  |TAMS 0x0000000091400000, 0x0000000091400000| Untracked 
| 145|0x0000000091500000, 0x0000000091500000, 0x0000000091600000|  0%| F|  |TAMS 0x0000000091500000, 0x0000000091500000| Untracked 
| 146|0x0000000091600000, 0x0000000091600000, 0x0000000091700000|  0%| F|  |TAMS 0x0000000091600000, 0x0000000091600000| Untracked 
| 147|0x0000000091700000, 0x0000000091700000, 0x0000000091800000|  0%| F|  |TAMS 0x0000000091700000, 0x0000000091700000| Untracked 
| 148|0x0000000091800000, 0x0000000091800000, 0x0000000091900000|  0%| F|  |TAMS 0x0000000091800000, 0x0000000091800000| Untracked 
| 149|0x0000000091900000, 0x0000000091900000, 0x0000000091a00000|  0%| F|  |TAMS 0x0000000091900000, 0x0000000091900000| Untracked 
| 150|0x0000000091a00000, 0x0000000091a00000, 0x0000000091b00000|  0%| F|  |TAMS 0x0000000091a00000, 0x0000000091a00000| Untracked 
| 151|0x0000000091b00000, 0x0000000091b00000, 0x0000000091c00000|  0%| F|  |TAMS 0x0000000091b00000, 0x0000000091b00000| Untracked 
| 152|0x0000000091c00000, 0x0000000091c00000, 0x0000000091d00000|  0%| F|  |TAMS 0x0000000091c00000, 0x0000000091c00000| Untracked 
| 153|0x0000000091d00000, 0x0000000091d00000, 0x0000000091e00000|  0%| F|  |TAMS 0x0000000091d00000, 0x0000000091d00000| Untracked 
| 154|0x0000000091e00000, 0x0000000091e00000, 0x0000000091f00000|  0%| F|  |TAMS 0x0000000091e00000, 0x0000000091e00000| Untracked 
| 155|0x0000000091f00000, 0x0000000091f00000, 0x0000000092000000|  0%| F|  |TAMS 0x0000000091f00000, 0x0000000091f00000| Untracked 
| 156|0x0000000092000000, 0x0000000092000000, 0x0000000092100000|  0%| F|  |TAMS 0x0000000092000000, 0x0000000092000000| Untracked 
| 157|0x0000000092100000, 0x0000000092100000, 0x0000000092200000|  0%| F|  |TAMS 0x0000000092100000, 0x0000000092100000| Untracked 
| 158|0x0000000092200000, 0x0000000092200000, 0x0000000092300000|  0%| F|  |TAMS 0x0000000092200000, 0x0000000092200000| Untracked 
| 159|0x0000000092300000, 0x0000000092300000, 0x0000000092400000|  0%| F|  |TAMS 0x0000000092300000, 0x0000000092300000| Untracked 
| 160|0x0000000092400000, 0x0000000092400000, 0x0000000092500000|  0%| F|  |TAMS 0x0000000092400000, 0x0000000092400000| Untracked 
| 161|0x0000000092500000, 0x0000000092500000, 0x0000000092600000|  0%| F|  |TAMS 0x0000000092500000, 0x0000000092500000| Untracked 
| 162|0x0000000092600000, 0x0000000092600000, 0x0000000092700000|  0%| F|  |TAMS 0x0000000092600000, 0x0000000092600000| Untracked 
| 163|0x0000000092700000, 0x0000000092700000, 0x0000000092800000|  0%| F|  |TAMS 0x0000000092700000, 0x0000000092700000| Untracked 
| 164|0x0000000092800000, 0x0000000092800000, 0x0000000092900000|  0%| F|  |TAMS 0x0000000092800000, 0x0000000092800000| Untracked 
| 165|0x0000000092900000, 0x0000000092900000, 0x0000000092a00000|  0%| F|  |TAMS 0x0000000092900000, 0x0000000092900000| Untracked 
| 166|0x0000000092a00000, 0x0000000092a00000, 0x0000000092b00000|  0%| F|  |TAMS 0x0000000092a00000, 0x0000000092a00000| Untracked 
| 167|0x0000000092b00000, 0x0000000092b00000, 0x0000000092c00000|  0%| F|  |TAMS 0x0000000092b00000, 0x0000000092b00000| Untracked 
| 168|0x0000000092c00000, 0x0000000092c00000, 0x0000000092d00000|  0%| F|  |TAMS 0x0000000092c00000, 0x0000000092c00000| Untracked 
| 169|0x0000000092d00000, 0x0000000092d00000, 0x0000000092e00000|  0%| F|  |TAMS 0x0000000092d00000, 0x0000000092d00000| Untracked 
| 170|0x0000000092e00000, 0x0000000092e00000, 0x0000000092f00000|  0%| F|  |TAMS 0x0000000092e00000, 0x0000000092e00000| Untracked 
| 171|0x0000000092f00000, 0x0000000092f00000, 0x0000000093000000|  0%| F|  |TAMS 0x0000000092f00000, 0x0000000092f00000| Untracked 
| 172|0x0000000093000000, 0x0000000093000000, 0x0000000093100000|  0%| F|  |TAMS 0x0000000093000000, 0x0000000093000000| Untracked 
| 173|0x0000000093100000, 0x0000000093100000, 0x0000000093200000|  0%| F|  |TAMS 0x0000000093100000, 0x0000000093100000| Untracked 
| 174|0x0000000093200000, 0x0000000093200000, 0x0000000093300000|  0%| F|  |TAMS 0x0000000093200000, 0x0000000093200000| Untracked 
| 175|0x0000000093300000, 0x0000000093300000, 0x0000000093400000|  0%| F|  |TAMS 0x0000000093300000, 0x0000000093300000| Untracked 
| 176|0x0000000093400000, 0x0000000093480800, 0x0000000093500000| 50%| E|  |TAMS 0x0000000093400000, 0x0000000093400000| Complete 
| 177|0x0000000093500000, 0x0000000093600000, 0x0000000093600000|100%| E|CS|TAMS 0x0000000093500000, 0x0000000093500000| Complete 
| 178|0x0000000093600000, 0x0000000093700000, 0x0000000093700000|100%| E|CS|TAMS 0x0000000093600000, 0x0000000093600000| Complete 
| 179|0x0000000093700000, 0x0000000093800000, 0x0000000093800000|100%| E|CS|TAMS 0x0000000093700000, 0x0000000093700000| Complete 
| 180|0x0000000093800000, 0x0000000093900000, 0x0000000093900000|100%| E|CS|TAMS 0x0000000093800000, 0x0000000093800000| Complete 
| 181|0x0000000093900000, 0x0000000093a00000, 0x0000000093a00000|100%| E|CS|TAMS 0x0000000093900000, 0x0000000093900000| Complete 
| 182|0x0000000093a00000, 0x0000000093b00000, 0x0000000093b00000|100%| E|CS|TAMS 0x0000000093a00000, 0x0000000093a00000| Complete 
| 183|0x0000000093b00000, 0x0000000093c00000, 0x0000000093c00000|100%| E|CS|TAMS 0x0000000093b00000, 0x0000000093b00000| Complete 
| 184|0x0000000093c00000, 0x0000000093d00000, 0x0000000093d00000|100%| E|CS|TAMS 0x0000000093c00000, 0x0000000093c00000| Complete 
| 229|0x0000000096900000, 0x0000000096a00000, 0x0000000096a00000|100%| E|CS|TAMS 0x0000000096900000, 0x0000000096900000| Complete 
| 230|0x0000000096a00000, 0x0000000096b00000, 0x0000000096b00000|100%| E|CS|TAMS 0x0000000096a00000, 0x0000000096a00000| Complete 

Card table byte_map: [0x0000019a79c30000,0x0000019a79ff0000] _byte_map_base: 0x0000019a797ee000

Marking Bits (Prev, Next): (CMBitMap*) 0x0000019a7746b0f0, (CMBitMap*) 0x0000019a7746b0b0
 Prev Bits: [0x0000019a7c1a0000, 0x0000019a7df90000)
 Next Bits: [0x0000019a7a3b0000, 0x0000019a7c1a0000)

Polling page: 0x0000019a76f60000

Metaspace:

Usage:
  Non-class:     34.92 MB used.
      Class:      4.81 MB used.
       Both:     39.74 MB used.

Virtual space:
  Non-class space:       64.00 MB reserved,      35.12 MB ( 55%) committed,  1 nodes.
      Class space:        1.00 GB reserved,       5.00 MB ( <1%) committed,  1 nodes.
             Both:        1.06 GB reserved,      40.12 MB (  4%) committed. 

Chunk freelists:
   Non-Class:  11.85 MB
       Class:  10.86 MB
        Both:  22.71 MB

MaxMetaspaceSize: unlimited
CompressedClassSpaceSize: 1.00 GB
Initial GC threshold: 21.00 MB
Current GC threshold: 64.00 MB
CDS: on
MetaspaceReclaimPolicy: balanced
 - commit_granule_bytes: 65536.
 - commit_granule_words: 8192.
 - virtual_space_node_default_size: 8388608.
 - enlarge_chunks_in_place: 1.
 - new_chunks_are_fully_committed: 0.
 - uncommit_free_chunks: 1.
 - use_allocation_guard: 0.
 - handle_deallocations: 1.


Internal statistics:

num_allocs_failed_limit: 6.
num_arena_births: 236.
num_arena_deaths: 0.
num_vsnodes_births: 2.
num_vsnodes_deaths: 0.
num_space_committed: 640.
num_space_uncommitted: 0.
num_chunks_returned_to_freelist: 6.
num_chunks_taken_from_freelist: 1692.
num_chunk_merges: 6.
num_chunk_splits: 1328.
num_chunks_enlarged: 1166.
num_inconsistent_stats: 0.

CodeHeap 'non-profiled nmethods': size=120000Kb used=1846Kb max_used=1846Kb free=118153Kb
 bounds [0x0000019a0f2f0000, 0x0000019a0f560000, 0x0000019a16820000]
CodeHeap 'profiled nmethods': size=120000Kb used=8039Kb max_used=8039Kb free=111961Kb
 bounds [0x0000019a07820000, 0x0000019a08000000, 0x0000019a0ed50000]
CodeHeap 'non-nmethods': size=5760Kb used=1281Kb max_used=1325Kb free=4478Kb
 bounds [0x0000019a0ed50000, 0x0000019a0efc0000, 0x0000019a0f2f0000]
 total_blobs=4592 nmethods=3997 adapters=507
 compilation: enabled
              stopped_count=0, restarted_count=0
 full_count=0

Compilation events (20 events):
Event: 13.533 Thread 0x0000019a7eaa9c50 3926       3       org.jetbrains.kotlin.psi.typeRefHelpers.TypeRefHelpersKt$$Lambda$494/0x0000019a1a4b6200::invoke (11 bytes)
Event: 13.534 Thread 0x0000019a7eaa9c50 nmethod 3926 0x0000019a07fcd210 code [0x0000019a07fcd3e0, 0x0000019a07fcd708]
Event: 13.534 Thread 0x0000019a7eaa9c50 3928       3       org.jetbrains.kotlin.parsing.KotlinParsing::parseTypeModifierList (16 bytes)
Event: 13.534 Thread 0x0000019a7eaa9c50 nmethod 3928 0x0000019a07fcd810 code [0x0000019a07fcd9c0, 0x0000019a07fcdb28]
Event: 13.534 Thread 0x0000019a7eaa9c50 3931       1       org.jetbrains.kotlin.util.slicedMap.Slices$SliceBuilder::access$200 (5 bytes)
Event: 13.534 Thread 0x0000019a7eaa9c50 nmethod 3931 0x0000019a0f4b7090 code [0x0000019a0f4b7220, 0x0000019a0f4b72d8]
Event: 13.534 Thread 0x0000019a7eaa9c50 3932       1       jdk.internal.reflect.ClassFileAssembler::getStack (5 bytes)
Event: 13.535 Thread 0x0000019a7eaa9c50 nmethod 3932 0x0000019a0f4b7390 code [0x0000019a0f4b7520, 0x0000019a0f4b75f8]
Event: 13.535 Thread 0x0000019a7eaa9c50 3933       3       org.jetbrains.kotlin.serialization.deserialization.descriptors.DeserializedClassDescriptor::getTypeConstructor (8 bytes)
Event: 13.536 Thread 0x0000019a7eaa9c50 nmethod 3933 0x0000019a07fcdc10 code [0x0000019a07fcdda0, 0x0000019a07fcdeb8]
Event: 13.536 Thread 0x0000019a7eaa9c50 3935       3       org.jetbrains.kotlin.resolve.calls.components.candidate.ResolutionCandidate::processPart (78 bytes)
Event: 13.537 Thread 0x0000019a7eaa9c50 nmethod 3935 0x0000019a07fcdf90 code [0x0000019a07fce200, 0x0000019a07fceca8]
Event: 13.537 Thread 0x0000019a7eaa9c50 3934       1       org.jetbrains.kotlin.resolve.calls.model.KotlinCallComponents::getStatelessCallbacks (5 bytes)
Event: 13.537 Thread 0x0000019a7eaa9c50 nmethod 3934 0x0000019a0f4b7690 code [0x0000019a0f4b7820, 0x0000019a0f4b78f8]
Event: 13.537 Thread 0x0000019a7eaa9c50 3936       3       org.jetbrains.kotlin.psi.KtAnnotationEntry::getCalleeExpression (11 bytes)
Event: 13.537 Thread 0x0000019a7eaa9c50 nmethod 3936 0x0000019a07fcf090 code [0x0000019a07fcf240, 0x0000019a07fcf508]
Event: 13.539 Thread 0x0000019a7eaa9c50 3937       3       java.util.AbstractList$Itr::<init> (31 bytes)
Event: 13.539 Thread 0x0000019a7eaa9c50 nmethod 3937 0x0000019a07fcf610 code [0x0000019a07fcf7a0, 0x0000019a07fcf978]
Event: 13.541 Thread 0x0000019a7eaa9c50 3939       3       org.jetbrains.kotlin.it.unimi.dsi.fastutil.Arrays::ensureFromTo (129 bytes)
Event: 14.554 Thread 0x0000019a7eaa9c50 nmethod 3939 0x0000019a07fcfa90 code [0x0000019a07fcfea0, 0x0000019a07fd1488]

GC Heap History (20 events):
Event: 2.003 GC heap before
{Heap before GC invocations=0 (full 0):
 garbage-first heap   total 122880K, used 26624K [0x0000000088400000, 0x0000000100000000)
  region size 1024K, 23 young (23552K), 0 survivors (0K)
 Metaspace       used 6907K, committed 7040K, reserved 1114112K
  class space    used 705K, committed 768K, reserved 1048576K
}
Event: 2.015 GC heap after
{Heap after GC invocations=1 (full 0):
 garbage-first heap   total 122880K, used 6188K [0x0000000088400000, 0x0000000100000000)
  region size 1024K, 3 young (3072K), 3 survivors (3072K)
 Metaspace       used 6907K, committed 7040K, reserved 1114112K
  class space    used 705K, committed 768K, reserved 1048576K
}
Event: 3.781 GC heap before
{Heap before GC invocations=1 (full 0):
 garbage-first heap   total 122880K, used 37932K [0x0000000088400000, 0x0000000100000000)
  region size 1024K, 34 young (34816K), 3 survivors (3072K)
 Metaspace       used 15778K, committed 15936K, reserved 1114112K
  class space    used 1761K, committed 1856K, reserved 1048576K
}
Event: 3.795 GC heap after
{Heap after GC invocations=2 (full 0):
 garbage-first heap   total 122880K, used 7929K [0x0000000088400000, 0x0000000100000000)
  region size 1024K, 2 young (2048K), 2 survivors (2048K)
 Metaspace       used 15778K, committed 15936K, reserved 1114112K
  class space    used 1761K, committed 1856K, reserved 1048576K
}
Event: 5.966 GC heap before
{Heap before GC invocations=2 (full 0):
 garbage-first heap   total 122880K, used 91897K [0x0000000088400000, 0x0000000100000000)
  region size 1024K, 72 young (73728K), 2 survivors (2048K)
 Metaspace       used 20858K, committed 21184K, reserved 1114112K
  class space    used 2659K, committed 2816K, reserved 1048576K
}
Event: 6.066 GC heap after
{Heap after GC invocations=3 (full 0):
 garbage-first heap   total 122880K, used 26883K [0x0000000088400000, 0x0000000100000000)
  region size 1024K, 9 young (9216K), 9 survivors (9216K)
 Metaspace       used 20858K, committed 21184K, reserved 1114112K
  class space    used 2659K, committed 2816K, reserved 1048576K
}
Event: 6.170 GC heap before
{Heap before GC invocations=3 (full 0):
 garbage-first heap   total 122880K, used 28931K [0x0000000088400000, 0x0000000100000000)
  region size 1024K, 12 young (12288K), 9 survivors (9216K)
 Metaspace       used 21279K, committed 21504K, reserved 1114112K
  class space    used 2710K, committed 2816K, reserved 1048576K
}
Event: 6.196 GC heap after
{Heap after GC invocations=4 (full 0):
 garbage-first heap   total 122880K, used 28160K [0x0000000088400000, 0x0000000100000000)
  region size 1024K, 1 young (1024K), 1 survivors (1024K)
 Metaspace       used 21279K, committed 21504K, reserved 1114112K
  class space    used 2710K, committed 2816K, reserved 1048576K
}
Event: 7.974 GC heap before
{Heap before GC invocations=5 (full 0):
 garbage-first heap   total 96256K, used 76288K [0x0000000088400000, 0x0000000100000000)
  region size 1024K, 38 young (38912K), 1 survivors (1024K)
 Metaspace       used 28686K, committed 28992K, reserved 1114112K
  class space    used 3719K, committed 3840K, reserved 1048576K
}
Event: 7.989 GC heap after
{Heap after GC invocations=6 (full 0):
 garbage-first heap   total 96256K, used 43520K [0x0000000088400000, 0x0000000100000000)
  region size 1024K, 5 young (5120K), 5 survivors (5120K)
 Metaspace       used 28686K, committed 28992K, reserved 1114112K
  class space    used 3719K, committed 3840K, reserved 1048576K
}
Event: 9.612 GC heap before
{Heap before GC invocations=6 (full 0):
 garbage-first heap   total 96256K, used 72192K [0x0000000088400000, 0x0000000100000000)
  region size 1024K, 33 young (33792K), 5 survivors (5120K)
 Metaspace       used 34956K, committed 35264K, reserved 1114112K
  class space    used 4290K, committed 4416K, reserved 1048576K
}
Event: 9.636 GC heap after
{Heap after GC invocations=7 (full 0):
 garbage-first heap   total 96256K, used 46280K [0x0000000088400000, 0x0000000100000000)
  region size 1024K, 3 young (3072K), 3 survivors (3072K)
 Metaspace       used 34956K, committed 35264K, reserved 1114112K
  class space    used 4290K, committed 4416K, reserved 1048576K
}
Event: 10.158 GC heap before
{Heap before GC invocations=7 (full 0):
 garbage-first heap   total 96256K, used 50376K [0x0000000088400000, 0x0000000100000000)
  region size 1024K, 8 young (8192K), 3 survivors (3072K)
 Metaspace       used 35765K, committed 35968K, reserved 1114112K
  class space    used 4386K, committed 4480K, reserved 1048576K
}
Event: 10.175 GC heap after
{Heap after GC invocations=8 (full 0):
 garbage-first heap   total 96256K, used 47354K [0x0000000088400000, 0x0000000100000000)
  region size 1024K, 1 young (1024K), 1 survivors (1024K)
 Metaspace       used 35765K, committed 35968K, reserved 1114112K
  class space    used 4386K, committed 4480K, reserved 1048576K
}
Event: 12.444 GC heap before
{Heap before GC invocations=9 (full 0):
 garbage-first heap   total 96256K, used 71930K [0x0000000088400000, 0x0000000100000000)
  region size 1024K, 25 young (25600K), 1 survivors (1024K)
 Metaspace       used 38847K, committed 39168K, reserved 1114112K
  class space    used 4763K, committed 4928K, reserved 1048576K
}
Event: 12.468 GC heap after
{Heap after GC invocations=10 (full 0):
 garbage-first heap   total 96256K, used 51712K [0x0000000088400000, 0x0000000100000000)
  region size 1024K, 4 young (4096K), 4 survivors (4096K)
 Metaspace       used 38847K, committed 39168K, reserved 1114112K
  class space    used 4763K, committed 4928K, reserved 1048576K
}
Event: 12.474 GC heap before
{Heap before GC invocations=10 (full 0):
 garbage-first heap   total 96256K, used 52736K [0x0000000088400000, 0x0000000100000000)
  region size 1024K, 5 young (5120K), 4 survivors (4096K)
 Metaspace       used 38848K, committed 39168K, reserved 1114112K
  class space    used 4763K, committed 4928K, reserved 1048576K
}
Event: 12.490 GC heap after
{Heap after GC invocations=11 (full 0):
 garbage-first heap   total 96256K, used 51754K [0x0000000088400000, 0x0000000100000000)
  region size 1024K, 1 young (1024K), 1 survivors (1024K)
 Metaspace       used 38848K, committed 39168K, reserved 1114112K
  class space    used 4763K, committed 4928K, reserved 1048576K
}
Event: 12.793 GC heap before
{Heap before GC invocations=11 (full 0):
 garbage-first heap   total 96256K, used 72234K [0x0000000088400000, 0x0000000100000000)
  region size 1024K, 21 young (21504K), 1 survivors (1024K)
 Metaspace       used 38949K, committed 39296K, reserved 1114112K
  class space    used 4763K, committed 4928K, reserved 1048576K
}
Event: 12.811 GC heap after
{Heap after GC invocations=12 (full 0):
 garbage-first heap   total 236544K, used 53499K [0x0000000088400000, 0x0000000100000000)
  region size 1024K, 3 young (3072K), 3 survivors (3072K)
 Metaspace       used 38949K, committed 39296K, reserved 1114112K
  class space    used 4763K, committed 4928K, reserved 1048576K
}

Deoptimization events (20 events):
Event: 12.198 Thread 0x0000019a774128b0 DEOPT PACKING pc=0x0000019a0f43f760 sp=0x0000004714afcbf0
Event: 12.198 Thread 0x0000019a774128b0 DEOPT UNPACKING pc=0x0000019a0eda23a3 sp=0x0000004714afca98 mode 2
Event: 12.637 Thread 0x0000019a774128b0 DEOPT PACKING pc=0x0000019a07c863e5 sp=0x0000004714afbe30
Event: 12.637 Thread 0x0000019a774128b0 DEOPT UNPACKING pc=0x0000019a0eda2b43 sp=0x0000004714afb280 mode 0
Event: 13.319 Thread 0x0000019a774128b0 Uncommon trap: trap_request=0xffffff45 fr.pc=0x0000019a0f469fc8 relative=0x0000000000002a28
Event: 13.319 Thread 0x0000019a774128b0 Uncommon trap: reason=unstable_if action=reinterpret pc=0x0000019a0f469fc8 method=org.jetbrains.kotlin.parsing.AbstractKotlinParsing.tokenMatches(Lorg/jetbrains/kotlin/com/intellij/psi/tree/IElementType;Lorg/jetbrains/kotlin/com/intellij/psi/tree/IElement
Event: 13.319 Thread 0x0000019a774128b0 DEOPT PACKING pc=0x0000019a0f469fc8 sp=0x0000004714afa7a0
Event: 13.319 Thread 0x0000019a774128b0 DEOPT UNPACKING pc=0x0000019a0eda23a3 sp=0x0000004714afa6b8 mode 2
Event: 13.320 Thread 0x0000019a774128b0 Uncommon trap: trap_request=0xffffff45 fr.pc=0x0000019a0f4398d4 relative=0x00000000000005b4
Event: 13.320 Thread 0x0000019a774128b0 Uncommon trap: reason=unstable_if action=reinterpret pc=0x0000019a0f4398d4 method=org.jetbrains.kotlin.parsing.AbstractKotlinParsing.tokenMatches(Lorg/jetbrains/kotlin/com/intellij/psi/tree/IElementType;Lorg/jetbrains/kotlin/com/intellij/psi/tree/IElement
Event: 13.320 Thread 0x0000019a774128b0 DEOPT PACKING pc=0x0000019a0f4398d4 sp=0x0000004714afbd40
Event: 13.320 Thread 0x0000019a774128b0 DEOPT UNPACKING pc=0x0000019a0eda23a3 sp=0x0000004714afbca0 mode 2
Event: 13.483 Thread 0x0000019a774128b0 Uncommon trap: trap_request=0xffffff45 fr.pc=0x0000019a0f43a578 relative=0x0000000000000078
Event: 13.483 Thread 0x0000019a774128b0 Uncommon trap: reason=unstable_if action=reinterpret pc=0x0000019a0f43a578 method=org.jetbrains.kotlin.parsing.AbstractKotlinParsing.tokenMatches(Lorg/jetbrains/kotlin/com/intellij/psi/tree/IElementType;Lorg/jetbrains/kotlin/com/intellij/psi/tree/IElement
Event: 13.484 Thread 0x0000019a774128b0 DEOPT PACKING pc=0x0000019a0f43a578 sp=0x0000004714afbdf0
Event: 13.484 Thread 0x0000019a774128b0 DEOPT UNPACKING pc=0x0000019a0eda23a3 sp=0x0000004714afbd70 mode 2
Event: 13.492 Thread 0x0000019a774128b0 Uncommon trap: trap_request=0xffffff45 fr.pc=0x0000019a0f4640d4 relative=0x00000000000000b4
Event: 13.492 Thread 0x0000019a774128b0 Uncommon trap: reason=unstable_if action=reinterpret pc=0x0000019a0f4640d4 method=java.text.StringCharacterIterator.current()C @ 19 c2
Event: 13.493 Thread 0x0000019a774128b0 DEOPT PACKING pc=0x0000019a0f4640d4 sp=0x0000004714afbe10
Event: 13.493 Thread 0x0000019a774128b0 DEOPT UNPACKING pc=0x0000019a0eda23a3 sp=0x0000004714afbda8 mode 2

Classes unloaded (0 events):
No events

Classes redefined (0 events):
No events

Internal exceptions (20 events):
Event: 4.653 Thread 0x0000019a774128b0 Exception <a 'sun/nio/fs/WindowsException'{0x000000008f0eb338}> (0x000000008f0eb338) 
thrown [s\open\src\hotspot\share\prims\jni.cpp, line 516]
Event: 5.247 Thread 0x0000019a774128b0 Implicit null exception at 0x0000019a0f37dbcb to 0x0000019a0f37ed74
Event: 6.413 Thread 0x0000019a774128b0 Exception <a 'sun/nio/fs/WindowsException'{0x000000008dd138f8}> (0x000000008dd138f8) 
thrown [s\open\src\hotspot\share\prims\jni.cpp, line 516]
Event: 6.594 Thread 0x0000019a774128b0 Implicit null exception at 0x0000019a0f316f72 to 0x0000019a0f317548
Event: 6.861 Thread 0x0000019a774128b0 Implicit null exception at 0x0000019a0f31c972 to 0x0000019a0f31cf58
Event: 6.966 Thread 0x0000019a774128b0 Exception <a 'java/lang/NoSuchMethodError'{0x000000008d1fefb8}: 'java.lang.Object java.lang.invoke.DirectMethodHandle$Holder.invokeStatic(java.lang.Object, java.lang.Object, int)'> (0x000000008d1fefb8) 
thrown [s\open\src\hotspot\share\interpreter\linkResolver.cpp, line 759]
Event: 6.990 Thread 0x0000019a774128b0 Exception <a 'java/lang/NoSuchMethodError'{0x000000008d0a3670}: 'java.lang.Object java.lang.invoke.DirectMethodHandle$Holder.newInvokeSpecial(java.lang.Object, java.lang.Object, int)'> (0x000000008d0a3670) 
thrown [s\open\src\hotspot\share\interpreter\linkResolver.cpp, line 759]
Event: 6.998 Thread 0x0000019a774128b0 Exception <a 'java/lang/NoSuchMethodError'{0x000000008d0bf1a8}: 'java.lang.Object java.lang.invoke.DirectMethodHandle$Holder.invokeVirtual(java.lang.Object, java.lang.Object, java.lang.Object)'> (0x000000008d0bf1a8) 
thrown [s\open\src\hotspot\share\interpreter\linkResolver.cpp, line 759]
Event: 9.004 Thread 0x0000019a774128b0 Exception <a 'java/lang/NoSuchMethodError'{0x000000008cdfd928}: 'java.lang.Object java.lang.invoke.DirectMethodHandle$Holder.newInvokeSpecial(java.lang.Object, java.lang.Object, java.lang.Object, java.lang.Object, java.lang.Object, java.lang.Object, java.lang.Object)'> (0x000000008cdfd928) 
thrown [s\open\src\hotspot\share\interpreter\linkResolver.cpp, line 759]
Event: 9.005 Thread 0x0000019a774128b0 Exception <a 'java/lang/NoSuchMethodError'{0x000000008cc026c8}: 'java.lang.Object java.lang.invoke.Invokers$Holder.linkToTargetMethod(java.lang.Object, java.lang.Object, java.lang.Object, java.lang.Object, java.lang.Object, java.lang.Object, java.lang.Object)'> (0x000000008cc026c8) 
thrown [s\open\src\hotspot\share\interpreter\linkResolver.cpp, line 759]
Event: 9.928 Thread 0x0000019a774128b0 Exception <a 'java/lang/NoSuchMethodError'{0x000000008de4efa0}: 'java.lang.Object java.lang.invoke.DirectMethodHandle$Holder.newInvokeSpecial(java.lang.Object, java.lang.Object, java.lang.Object, int)'> (0x000000008de4efa0) 
thrown [s\open\src\hotspot\share\interpreter\linkResolver.cpp, line 759]
Event: 9.929 Thread 0x0000019a774128b0 Exception <a 'java/lang/NoSuchMethodError'{0x000000008de53628}: 'java.lang.Object java.lang.invoke.DirectMethodHandle$Holder.invokeSpecial(java.lang.Object, java.lang.Object, java.lang.Object, java.lang.Object, int)'> (0x000000008de53628) 
thrown [s\open\src\hotspot\share\interpreter\linkResolver.cpp, line 759]
Event: 9.930 Thread 0x0000019a774128b0 Exception <a 'java/lang/NoSuchMethodError'{0x000000008de57498}: 'java.lang.Object java.lang.invoke.Invokers$Holder.linkToTargetMethod(java.lang.Object, java.lang.Object, int, java.lang.Object)'> (0x000000008de57498) 
thrown [s\open\src\hotspot\share\interpreter\linkResolver.cpp, line 759]
Event: 10.146 Thread 0x0000019a774128b0 Exception <a 'java/lang/NoSuchMethodError'{0x000000008ddb84f0}: 'int java.lang.invoke.DirectMethodHandle$Holder.invokeVirtual(java.lang.Object, java.lang.Object)'> (0x000000008ddb84f0) 
thrown [s\open\src\hotspot\share\interpreter\linkResolver.cpp, line 759]
Event: 10.419 Thread 0x0000019a774128b0 Exception <a 'java/lang/NoSuchMethodError'{0x000000008df816f0}: 'java.lang.Object java.lang.invoke.DirectMethodHandle$Holder.newInvokeSpecial(java.lang.Object, java.lang.Object, java.lang.Object, java.lang.Object, java.lang.Object, java.lang.Object, java.lang.Object, java.lang.Object)'> (0x000000008df816f0) 
thrown [s\open\src\hotspot\share\interpreter\linkResolver.cpp, line 759]
Event: 10.421 Thread 0x0000019a774128b0 Exception <a 'java/lang/NoSuchMethodError'{0x000000008df87258}: 'java.lang.Object java.lang.invoke.DirectMethodHandle$Holder.invokeSpecial(java.lang.Object, java.lang.Object, java.lang.Object, java.lang.Object, java.lang.Object, java.lang.Object, java.lang.Object, java.lang.Object, java.lang.Object)'> (0x000000008df87258) 
thrown [s\open\src\hotspot\share\interpreter\linkResolver.cpp, line 759]
Event: 10.422 Thread 0x0000019a774128b0 Exception <a 'java/lang/NoSuchMethodError'{0x000000008df8c6d8}: 'java.lang.Object java.lang.invoke.Invokers$Holder.linkToTargetMethod(java.lang.Object, java.lang.Object, java.lang.Object, java.lang.Object, java.lang.Object, java.lang.Object, java.lang.Object, java.lang.Object)'> (0x000000008df8c6d8) 
thrown [s\open\src\hotspot\share\interpreter\linkResolver.cpp, line 759]
Event: 11.512 Thread 0x0000019a774128b0 Exception <a 'java/lang/NoSuchMethodError'{0x000000008d676ae8}: 'java.lang.Object java.lang.invoke.DirectMethodHandle$Holder.newInvokeSpecial(java.lang.Object, java.lang.Object, java.lang.Object, java.lang.Object, int)'> (0x000000008d676ae8) 
thrown [s\open\src\hotspot\share\interpreter\linkResolver.cpp, line 759]
Event: 11.514 Thread 0x0000019a774128b0 Exception <a 'java/lang/NoSuchMethodError'{0x000000008d67b618}: 'java.lang.Object java.lang.invoke.DirectMethodHandle$Holder.invokeSpecial(java.lang.Object, java.lang.Object, java.lang.Object, java.lang.Object, java.lang.Object, int)'> (0x000000008d67b618) 
thrown [s\open\src\hotspot\share\interpreter\linkResolver.cpp, line 759]
Event: 11.516 Thread 0x0000019a774128b0 Exception <a 'java/lang/NoSuchMethodError'{0x000000008d680120}: 'java.lang.Object java.lang.invoke.Invokers$Holder.linkToTargetMethod(java.lang.Object, java.lang.Object, java.lang.Object, int, java.lang.Object)'> (0x000000008d680120) 
thrown [s\open\src\hotspot\share\interpreter\linkResolver.cpp, line 759]

VM Operations (20 events):
Event: 11.881 Executing VM operation: HandshakeAllThreads done
Event: 11.881 Executing VM operation: HandshakeAllThreads
Event: 11.881 Executing VM operation: HandshakeAllThreads done
Event: 12.265 Executing VM operation: ICBufferFull
Event: 12.266 Executing VM operation: ICBufferFull done
Event: 12.444 Executing VM operation: G1CollectForAllocation
Event: 12.468 Executing VM operation: G1CollectForAllocation done
Event: 12.474 Executing VM operation: G1CollectForAllocation
Event: 12.491 Executing VM operation: G1CollectForAllocation done
Event: 12.793 Executing VM operation: G1CollectForAllocation
Event: 12.811 Executing VM operation: G1CollectForAllocation done
Event: 12.867 Executing VM operation: G1Concurrent
Event: 12.879 Executing VM operation: G1Concurrent done
Event: 12.895 Executing VM operation: HandshakeAllThreads
Event: 12.895 Executing VM operation: HandshakeAllThreads done
Event: 12.900 Executing VM operation: HandshakeAllThreads
Event: 12.901 Executing VM operation: HandshakeAllThreads done
Event: 12.909 Executing VM operation: G1Concurrent
Event: 12.910 Executing VM operation: G1Concurrent done
Event: 13.914 Executing VM operation: Cleanup

Events (20 events):
Event: 10.492 loading class java/lang/Override done
Event: 10.827 loading class java/util/AbstractList$ListItr
Event: 10.828 loading class java/util/AbstractList$ListItr done
Event: 11.048 loading class java/util/ArrayList$SubList$1
Event: 11.049 loading class java/util/ArrayList$SubList$1 done
Event: 11.198 loading class java/util/stream/IntPipeline$1
Event: 11.199 loading class java/util/stream/IntPipeline$1 done
Event: 11.216 loading class java/util/stream/IntPipeline$1$1
Event: 11.217 loading class java/util/stream/IntPipeline$1$1 done
Event: 11.395 loading class java/util/AbstractList$RandomAccessSubList
Event: 11.396 loading class java/util/AbstractList$SubList
Event: 11.396 loading class java/util/AbstractList$SubList done
Event: 11.396 loading class java/util/AbstractList$RandomAccessSubList done
Event: 11.397 loading class java/util/AbstractList$SubList$1
Event: 11.397 loading class java/util/AbstractList$SubList$1 done
Event: 11.883 loading class java/text/StringCharacterIterator
Event: 11.884 loading class java/text/CharacterIterator
Event: 11.885 loading class java/text/CharacterIterator done
Event: 11.885 loading class java/text/StringCharacterIterator done
Event: 12.182 Thread 0x0000019a672905a0 Thread added: 0x0000019a672905a0


Dynamic libraries:
0x00007ff7a8540000 - 0x00007ff7a8550000 	C:\Program Files\Java\jdk-17\bin\java.exe
0x00007ffffc900000 - 0x00007ffffcb67000 	C:\WINDOWS\SYSTEM32\ntdll.dll
0x00007ffffb6c0000 - 0x00007ffffb789000 	C:\WINDOWS\System32\KERNEL32.DLL
0x00007ffffa020000 - 0x00007ffffa414000 	C:\WINDOWS\System32\KERNELBASE.dll
0x00007ffff9350000 - 0x00007ffff949b000 	C:\WINDOWS\System32\ucrtbase.dll
0x00007fffcfb30000 - 0x00007fffcfb49000 	C:\Program Files\Java\jdk-17\bin\jli.dll
0x00007fffb6da0000 - 0x00007fffb6dbb000 	C:\Program Files\Java\jdk-17\bin\VCRUNTIME140.dll
0x00007ffffbe00000 - 0x00007ffffbeb6000 	C:\WINDOWS\System32\ADVAPI32.dll
0x00007ffffbf20000 - 0x00007ffffbfc9000 	C:\WINDOWS\System32\msvcrt.dll
0x00007ffffa8d0000 - 0x00007ffffa977000 	C:\WINDOWS\System32\sechost.dll
0x00007ffffaa60000 - 0x00007ffffab78000 	C:\WINDOWS\System32\RPCRT4.dll
0x00007ffffc550000 - 0x00007ffffc715000 	C:\WINDOWS\System32\USER32.dll
0x00007fffd90a0000 - 0x00007fffd9333000 	C:\WINDOWS\WinSxS\amd64_microsoft.windows.common-controls_6595b64144ccf1df_6.0.26100.8115_none_3e075c82e3354f9c\COMCTL32.dll
0x00007ffff9780000 - 0x00007ffff97a7000 	C:\WINDOWS\System32\win32u.dll
0x00007ffffb690000 - 0x00007ffffb6bb000 	C:\WINDOWS\System32\GDI32.dll
0x00007ffffa420000 - 0x00007ffffa54b000 	C:\WINDOWS\System32\gdi32full.dll
0x00007ffffa550000 - 0x00007ffffa5f3000 	C:\WINDOWS\System32\msvcp_win.dll
0x00007fffdc230000 - 0x00007fffdc23b000 	C:\WINDOWS\SYSTEM32\VERSION.dll
0x00007ffffbee0000 - 0x00007ffffbf12000 	C:\WINDOWS\System32\IMM32.DLL
0x00007fffd51c0000 - 0x00007fffd51cc000 	C:\Program Files\Java\jdk-17\bin\vcruntime140_1.dll
0x00007fffb6a50000 - 0x00007fffb6ade000 	C:\Program Files\Java\jdk-17\bin\msvcp140.dll
0x00007fff2c5b0000 - 0x00007fff2d191000 	C:\Program Files\Java\jdk-17\bin\server\jvm.dll
0x00007ffffc140000 - 0x00007ffffc148000 	C:\WINDOWS\System32\PSAPI.DLL
0x00007fffc93c0000 - 0x00007fffc93ca000 	C:\WINDOWS\SYSTEM32\WSOCK32.dll
0x00007ffffb600000 - 0x00007ffffb680000 	C:\WINDOWS\System32\WS2_32.dll
0x00007fffe8fb0000 - 0x00007fffe8fe6000 	C:\WINDOWS\SYSTEM32\WINMM.dll
0x00007ffff7ec0000 - 0x00007ffff7edb000 	C:\WINDOWS\SYSTEM32\kernel.appcore.dll
0x00007fffd0dd0000 - 0x00007fffd0dda000 	C:\Program Files\Java\jdk-17\bin\jimage.dll
0x00007ffff7090000 - 0x00007ffff72d2000 	C:\WINDOWS\SYSTEM32\DBGHELP.DLL
0x00007ffffc1c0000 - 0x00007ffffc542000 	C:\WINDOWS\System32\combase.dll
0x00007fffface0000 - 0x00007ffffadb8000 	C:\WINDOWS\System32\OLEAUT32.dll
0x00007fffcfbf0000 - 0x00007fffcfc2b000 	C:\WINDOWS\SYSTEM32\dbgcore.DLL
0x00007ffff94a0000 - 0x00007ffff9545000 	C:\WINDOWS\System32\bcryptPrimitives.dll
0x00007fffb6d30000 - 0x00007fffb6d55000 	C:\Program Files\Java\jdk-17\bin\java.dll
0x00007fff72d10000 - 0x00007fff72de7000 	C:\Program Files\Java\jdk-17\bin\jsvml.dll
0x00007ffffadc0000 - 0x00007ffffb527000 	C:\WINDOWS\System32\SHELL32.dll
0x00007ffff9610000 - 0x00007ffff977a000 	C:\WINDOWS\System32\wintypes.dll
0x00007ffff97b0000 - 0x00007ffffa018000 	C:\WINDOWS\System32\windows.storage.dll
0x00007ffffa7d0000 - 0x00007ffffa8c8000 	C:\WINDOWS\System32\SHCORE.dll
0x00007ffffbfd0000 - 0x00007ffffc036000 	C:\WINDOWS\System32\shlwapi.dll
0x00007ffff90f0000 - 0x00007ffff9119000 	C:\WINDOWS\SYSTEM32\profapi.dll
0x00007fffb6b50000 - 0x00007fffb6b69000 	C:\Program Files\Java\jdk-17\bin\net.dll
0x00007fffeba70000 - 0x00007fffebb9d000 	C:\WINDOWS\SYSTEM32\WINHTTP.dll
0x00007ffff8470000 - 0x00007ffff84dc000 	C:\WINDOWS\system32\mswsock.dll
0x00007fffb6b30000 - 0x00007fffb6b46000 	C:\Program Files\Java\jdk-17\bin\nio.dll
0x00007fffb6c40000 - 0x00007fffb6c58000 	C:\Program Files\Java\jdk-17\bin\zip.dll
0x00007fffc5b80000 - 0x00007fffc5b90000 	C:\Program Files\Java\jdk-17\bin\verify.dll

dbghelp: loaded successfully - version: 4.0.5 - missing functions: none
symbol engine: initialized successfully - sym options: 0x614 - pdb path: .;C:\Program Files\Java\jdk-17\bin;C:\WINDOWS\SYSTEM32;C:\WINDOWS\WinSxS\amd64_microsoft.windows.common-controls_6595b64144ccf1df_6.0.26100.8115_none_3e075c82e3354f9c;C:\Program Files\Java\jdk-17\bin\server

VM Arguments:
java_command: org.jetbrains.kotlin.cli.jvm.K2JVMCompiler @C:\flutter\packages\flutter_tools\gradle\build\20260419_11034106564158005176.compiler.options
java_class_path (initial): C:\Users\QUICK-DEV-IT\.gradle\caches\modules-2\files-2.1\org.jetbrains.kotlin\kotlin-compiler-embeddable\2.0.21\79346ed53db48b18312a472602eb5c057070c54d\kotlin-compiler-embeddable-2.0.21.jar;C:\Users\QUICK-DEV-IT\.gradle\caches\modules-2\files-2.1\org.jetbrains.kotlin\kotlin-stdlib\2.0.21\618b539767b4899b4660a83006e052b63f1db551\kotlin-stdlib-2.0.21.jar;C:\Users\QUICK-DEV-IT\.gradle\caches\modules-2\files-2.1\org.jetbrains.kotlin\kotlin-script-runtime\2.0.21\c9b044380ad41f89aa89aa896c2d32a8c0b2129d\kotlin-script-runtime-2.0.21.jar;C:\Users\QUICK-DEV-IT\.gradle\caches\modules-2\files-2.1\org.jetbrains.kotlin\kotlin-reflect\1.6.10\1cbe9c92c12a94eea200d23c2bbaedaf3daf5132\kotlin-reflect-1.6.10.jar;C:\Users\QUICK-DEV-IT\.gradle\caches\modules-2\files-2.1\org.jetbrains.kotlin\kotlin-daemon-embeddable\2.0.21\c9e933b23287de9b5a17e2116b4657bb91aea72c\kotlin-daemon-embeddable-2.0.21.jar;C:\Users\QUICK-DEV-IT\.gradle\caches\modules-2\files-2.1\org.jetbrains.intellij.deps\trove4j\1.0.20200330\3afb14d5f9ceb459d724e907a21145e8ff394f02\trove4j-1.0.20200330.jar;C:\Users\QUICK-DEV-IT\.gradle\caches\modules-2\files-2.1\org.jetbrains.kotlinx\kotlinx-coroutines-core-jvm\1.6.4\2c997cd1c0ef33f3e751d3831929aeff1390cb30\kotlinx-coroutines-core-jvm-1.6.4.jar;C:\Users\QUICK-DEV-IT\.gradle\caches\modules-2\files-2.1\org.jetbrains\annotations\13.0\919f0dfe192fb4e063e7dacadee7f8bb9a2672a9\annotations-13.0.jar
Launcher Type: SUN_STANDARD

[Global flags]
     intx CICompilerCount                          = 4                                         {product} {ergonomic}
     uint ConcGCThreads                            = 3                                         {product} {ergonomic}
     uint G1ConcRefinementThreads                  = 11                                        {product} {ergonomic}
   size_t G1HeapRegionSize                         = 1048576                                   {product} {ergonomic}
    uintx GCDrainStackTargetSize                   = 64                                        {product} {ergonomic}
   size_t InitialHeapSize                          = 125829120                                 {product} {ergonomic}
   size_t MarkStackSize                            = 4194304                                   {product} {ergonomic}
   size_t MaxHeapSize                              = 2009071616                                {product} {ergonomic}
   size_t MaxNewSize                               = 1204813824                                {product} {ergonomic}
   size_t MinHeapDeltaBytes                        = 1048576                                   {product} {ergonomic}
   size_t MinHeapSize                              = 8388608                                   {product} {ergonomic}
    uintx NonNMethodCodeHeapSize                   = 5839372                                {pd product} {ergonomic}
    uintx NonProfiledCodeHeapSize                  = 122909434                              {pd product} {ergonomic}
    uintx ProfiledCodeHeapSize                     = 122909434                              {pd product} {ergonomic}
    uintx ReservedCodeCacheSize                    = 251658240                              {pd product} {ergonomic}
     bool SegmentedCodeCache                       = true                                      {product} {ergonomic}
   size_t SoftMaxHeapSize                          = 2009071616                             {manageable} {ergonomic}
     bool UseCompressedClassPointers               = true                           {product lp64_product} {ergonomic}
     bool UseCompressedOops                        = true                           {product lp64_product} {ergonomic}
     bool UseG1GC                                  = true                                      {product} {ergonomic}
     bool UseLargePagesIndividualAllocation        = false                                  {pd product} {ergonomic}

Logging:
Log output configuration:
 #0: stdout all=warning uptime,level,tags
 #1: stderr all=off uptime,level,tags

Environment Variables:
PATH=C:\Users\QUICK-DEV-IT\AppData\Local\Programs\Microsoft VS Code;C:\Python313\Scripts\;C:\Python313\;C:\WINDOWS\system32;C:\WINDOWS;C:\WINDOWS\System32\Wbem;C:\WINDOWS\System32\WindowsPowerShell\v1.0\;C:\WINDOWS\System32\OpenSSH\;C:\Program Files\Git\cmd;C:\Program Files\nodejs\;C:\ProgramData\chocolatey\bin;C:\php;;C:\Program Files\Go\bin;C:\Program Files\Docker\Docker\resources\bin;C:\Users\QUICK-DEV-IT\AppData\Local\Programs\Python\Python313\Scripts\;C:\Users\QUICK-DEV-IT\AppData\Local\Programs\Python\Python313\;C:\Users\QUICK-DEV-IT\AppData\Local\Microsoft\WindowsApps;C:\Users\QUICK-DEV-IT\AppData\Roaming\npm;C:\Users\QUICK-DEV-IT\AppData\Local\Programs\Microsoft VS Code\bin;C:\flutter\bin;C:\Users\QUICK-DEV-IT\composer;C:\Users\QUICK-DEV-IT\AppData\Roaming\Composer\vendor\bin;C:\Users\QUICK-DEV-IT\AppData\Local\PowerToys\DSCModules\;C:\Users\QUICK-DEV-IT\go\bin
USERNAME=QUICK-DEV-IT
OS=Windows_NT
PROCESSOR_IDENTIFIER=Intel64 Family 6 Model 170 Stepping 4, GenuineIntel



---------------  S Y S T E M  ---------------

OS:
 Windows 11 , 64 bit Build 26100 (10.0.26100.8246)
OS uptime: 0 days 10:31 hours
Hyper-V role detected

CPU: total 14 (initial active 14) (7 cores per cpu, 2 threads per core) family 6 model 170 stepping 4 microcode 0x1c, cx8, cmov, fxsr, ht, mmx, 3dnowpref, sse, sse2, sse3, ssse3, sse4.1, sse4.2, popcnt, lzcnt, tsc, tscinvbit, avx, avx2, aes, erms, clmul, bmi1, bmi2, adx, sha, fma, vzeroupper, clflush, clflushopt, clwb, hv

Memory: 4k page, system-wide physical 7657M (697M free)
TotalPageFile size 31209M (AvailPageFile size 0M)
current process WorkingSet (physical memory assigned to process): 227M, peak: 228M
current process commit charge ("private bytes"): 383M, peak: 427M

vm_info: Java HotSpot(TM) 64-Bit Server VM (17.0.16+12-LTS-247) for windows-amd64 JRE (17.0.16+12-LTS-247), built on Jun 27 2025 10:11:42 by "mach5one" with MS VC++ 17.6 (VS2022)

END.
