#
# There is insufficient memory for the Java Runtime Environment to continue.
# Native memory allocation (mmap) failed to map 125829120 bytes. Error detail: G1 virtual space
# Possible reasons:
#   The system is out of physical RAM or swap space
#   This process is running with CompressedOops enabled, and the Java Heap may be blocking the growth of the native heap
# Possible solutions:
#   Reduce memory load on the system
#   Increase physical memory or swap space
#   Check if swap backing store is full
#   Decrease Java heap size (-Xmx/-Xms)
#   Decrease number of Java threads
#   Decrease Java thread stack sizes (-Xss)
#   Set larger code cache with -XX:ReservedCodeCacheSize=
#   JVM is running with Unscaled Compressed Oops mode in which the Java heap is
#     placed in the first 4GB address space. The Java Heap base address is the
#     maximum limit for the native heap growth. Please use -XX:HeapBaseMinAddress
#     to set the Java Heap base and to place the Java Heap above 4GB virtual address.
# This output file may be truncated or incomplete.
#
#  Out of Memory Error (os_windows.cpp:3898), pid=15024, tid=29692
#
# JRE version:  (21.0.6) (build )
# Java VM: OpenJDK 64-Bit Server VM (21.0.6+-13391695-b895.109, mixed mode, sharing, tiered, compressed oops, compressed class ptrs, g1 gc, windows-amd64)
# No core dump will be written. Minidumps are not enabled by default on client versions of Windows
#

---------------  S U M M A R Y ------------

Command Line: 

Host: Intel(R) Core(TM) Ultra 5 125U, 14 cores, 7G,  Windows 11 , 64 bit Build 26100 (10.0.26100.6725)
Time: Tue Nov  4 16:13:05 2025 Greenwich elapsed time: 1.112350 seconds (0d 0h 0m 1s)

---------------  T H R E A D  ---------------

Current thread (0x0000029690a729a0):  JavaThread "Unknown thread" [_thread_in_vm, id=29692, stack(0x000000cf46700000,0x000000cf46800000) (1024K)]

Stack: [0x000000cf46700000,0x000000cf46800000]
Native frames: (J=compiled Java code, j=interpreted, Vv=VM code, C=native code)
V  [jvm.dll+0x6d0639]
V  [jvm.dll+0x85eb03]
V  [jvm.dll+0x86105e]
V  [jvm.dll+0x861743]
V  [jvm.dll+0x27e6e6]
V  [jvm.dll+0x6ccfd5]
V  [jvm.dll+0x6c0a8a]
V  [jvm.dll+0x35537b]
V  [jvm.dll+0x35cfd6]
V  [jvm.dll+0x3aef86]
V  [jvm.dll+0x3af258]
V  [jvm.dll+0x327a2c]
V  [jvm.dll+0x32871b]
V  [jvm.dll+0x826549]
V  [jvm.dll+0x3bc158]
V  [jvm.dll+0x80f7f8]
V  [jvm.dll+0x45035e]
V  [jvm.dll+0x451ac1]
C  [jli.dll+0x52ab]
C  [ucrtbase.dll+0x37b0]
C  [KERNEL32.DLL+0x2e8d7]
C  [ntdll.dll+0x8c53c]


---------------  P R O C E S S  ---------------

Threads class SMR info:
_java_thread_list=0x00007ffb331d1848, length=0, elements={
}

Java Threads: ( => current thread )
Total: 0

Other Threads:
  0x0000029692f1abc0 WorkerThread "GC Thread#0"                     [id=36828, stack(0x000000cf46800000,0x000000cf46900000) (1024K)]
  0x0000029692f2b960 ConcurrentGCThread "G1 Main Marker"            [id=6572, stack(0x000000cf46900000,0x000000cf46a00000) (1024K)]
  0x0000029692f2f320 WorkerThread "G1 Conc#0"                       [id=39096, stack(0x000000cf46a00000,0x000000cf46b00000) (1024K)]

[error occurred during error reporting (printing all threads), id 0xc0000005, EXCEPTION_ACCESS_VIOLATION (0xc0000005) at pc=0x00007ffb329caa87]
VM state: not at safepoint (not fully initialized)

VM Mutex/Monitor currently owned by a thread:  ([mutex/lock_event])
[0x00007ffb3323e4a0] Heap_lock - owner thread: 0x0000029690a729a0

Heap address: 0x0000000088400000, size: 1916 MB, Compressed Oops mode: 32-bit

CDS archive(s) mapped at: [0x0000000000000000-0x0000000000000000-0x0000000000000000), size 0, SharedBaseAddress: 0x0000000800000000, ArchiveRelocationMode: 1.
Narrow klass base: 0x0000000000000000, Narrow klass shift: 0, Narrow klass range: 0x0

GC Precious Log:
 CardTable entry size: 512
 Card Set container configuration: InlinePtr #cards 5 size 8 Array Of Cards #cards 12 size 40 Howl #buckets 4 coarsen threshold 1843 Howl Bitmap #cards 512 size 80 coarsen threshold 460 Card regions per heap region 1 cards per card region 2048

Heap:
 garbage-first heap   total 0K, used 0K [0x0000000088400000, 0x0000000100000000)
  region size 1024K, 0 young (0K), 0 survivors (0K)
 Metaspace       used 0K, committed 0K, reserved 0K
  class space    used 0K, committed 0K, reserved 0K

Heap Regions: E=young(eden), S=young(survivor), O=old, HS=humongous(starts), HC=humongous(continues), CS=collection set, F=free, TAMS=top-at-mark-start, PB=parsable bottom

Card table byte_map: [0x00000296a5a50000,0x00000296a5e10000] _byte_map_base: 0x00000296a560e000

Marking Bits: (CMBitMap*) 0x0000029692f1b2c0
 Bits: [0x00000296a5e10000, 0x00000296a7c00000)

GC Heap History (0 events):
No events

Dll operation events (1 events):
Event: 0.053 Loaded shared library C:\Program Files\Android\Android Studio\jbr\bin\java.dll

Deoptimization events (0 events):
No events

Classes loaded (0 events):
No events

Classes unloaded (0 events):
No events

Classes redefined (0 events):
No events

Internal exceptions (0 events):
No events

ZGC Phase Switch (0 events):
No events

VM Operations (0 events):
No events

Memory protections (0 events):
No events

Nmethod flushes (0 events):
No events

Events (0 events):
No events


Dynamic libraries:
0x00007ff7839a0000 - 0x00007ff7839aa000 	C:\Program Files\Android\Android Studio\jbr\bin\java.EXE
0x00007ffc3ab80000 - 0x00007ffc3ade8000 	C:\WINDOWS\SYSTEM32\ntdll.dll
0x00007ffc39240000 - 0x00007ffc39309000 	C:\WINDOWS\System32\KERNEL32.DLL
0x00007ffc37d10000 - 0x00007ffc38102000 	C:\WINDOWS\System32\KERNELBASE.dll
0x00007ffc38420000 - 0x00007ffc3856b000 	C:\WINDOWS\System32\ucrtbase.dll
0x00007ffc1ec80000 - 0x00007ffc1ec9b000 	C:\Program Files\Android\Android Studio\jbr\bin\VCRUNTIME140.dll
0x00007ffc0c810000 - 0x00007ffc0c828000 	C:\Program Files\Android\Android Studio\jbr\bin\jli.dll
0x00007ffc39390000 - 0x00007ffc39555000 	C:\WINDOWS\System32\USER32.dll
0x00007ffc38330000 - 0x00007ffc38357000 	C:\WINDOWS\System32\win32u.dll
0x00007ffc3a820000 - 0x00007ffc3a84b000 	C:\WINDOWS\System32\GDI32.dll
0x00007ffc38780000 - 0x00007ffc388ad000 	C:\WINDOWS\System32\gdi32full.dll
0x00007ffc38280000 - 0x00007ffc38323000 	C:\WINDOWS\System32\msvcp_win.dll
0x00007ffc19b00000 - 0x00007ffc19d93000 	C:\WINDOWS\WinSxS\amd64_microsoft.windows.common-controls_6595b64144ccf1df_6.0.26100.6899_none_3e0efeeae32e88c1\COMCTL32.dll
0x00007ffc398b0000 - 0x00007ffc39959000 	C:\WINDOWS\System32\msvcrt.dll
0x00007ffc39960000 - 0x00007ffc3998f000 	C:\WINDOWS\System32\IMM32.DLL
0x00007ffc2d8c0000 - 0x00007ffc2d8cc000 	C:\Program Files\Android\Android Studio\jbr\bin\vcruntime140_1.dll
0x00007ffbb6530000 - 0x00007ffbb65bd000 	C:\Program Files\Android\Android Studio\jbr\bin\msvcp140.dll
0x00007ffb32690000 - 0x00007ffb3331b000 	C:\Program Files\Android\Android Studio\jbr\bin\server\jvm.dll
0x00007ffc39700000 - 0x00007ffc397b4000 	C:\WINDOWS\System32\ADVAPI32.dll
0x00007ffc38f10000 - 0x00007ffc38fb6000 	C:\WINDOWS\System32\sechost.dll
0x00007ffc3a580000 - 0x00007ffc3a698000 	C:\WINDOWS\System32\RPCRT4.dll
0x00007ffc391a0000 - 0x00007ffc39214000 	C:\WINDOWS\System32\WS2_32.dll
0x00007ffc1afe0000 - 0x00007ffc1afeb000 	C:\WINDOWS\SYSTEM32\VERSION.dll
0x00007ffc37b70000 - 0x00007ffc37bce000 	C:\WINDOWS\SYSTEM32\POWRPROF.dll
0x00007ffc29470000 - 0x00007ffc294a5000 	C:\WINDOWS\SYSTEM32\WINMM.dll
0x00007ffc37b50000 - 0x00007ffc37b64000 	C:\WINDOWS\SYSTEM32\UMPDC.dll
0x00007ffc36a40000 - 0x00007ffc36a5b000 	C:\WINDOWS\SYSTEM32\kernel.appcore.dll
0x00007ffc1ec70000 - 0x00007ffc1ec7a000 	C:\Program Files\Android\Android Studio\jbr\bin\jimage.dll
0x00007ffc355a0000 - 0x00007ffc357e2000 	C:\WINDOWS\SYSTEM32\DBGHELP.DLL
0x00007ffc389b0000 - 0x00007ffc38d2b000 	C:\WINDOWS\System32\combase.dll
0x00007ffc397d0000 - 0x00007ffc398a7000 	C:\WINDOWS\System32\OLEAUT32.dll
0x00007ffc0b6b0000 - 0x00007ffc0b6ec000 	C:\WINDOWS\SYSTEM32\dbgcore.DLL
0x00007ffc388b0000 - 0x00007ffc38948000 	C:\WINDOWS\System32\bcryptPrimitives.dll
0x00007ffc1e0e0000 - 0x00007ffc1e100000 	C:\Program Files\Android\Android Studio\jbr\bin\java.dll

dbghelp: loaded successfully - version: 4.0.5 - missing functions: none
symbol engine: initialized successfully - sym options: 0x614 - pdb path: .;C:\Program Files\Android\Android Studio\jbr\bin;C:\WINDOWS\SYSTEM32;C:\WINDOWS\WinSxS\amd64_microsoft.windows.common-controls_6595b64144ccf1df_6.0.26100.6899_none_3e0efeeae32e88c1;C:\Program Files\Android\Android Studio\jbr\bin\server

VM Arguments:
java_command: <unknown>
java_class_path (initial): <not set>
Launcher Type: SUN_STANDARD

[Global flags]
     intx CICompilerCount                          = 4                                         {product} {ergonomic}
     uint ConcGCThreads                            = 3                                         {product} {ergonomic}
     uint G1ConcRefinementThreads                  = 11                                        {product} {ergonomic}
   size_t G1HeapRegionSize                         = 1048576                                   {product} {ergonomic}
    uintx GCDrainStackTargetSize                   = 64                                        {product} {ergonomic}
   size_t InitialHeapSize                          = 125829120                                 {product} {ergonomic}
   size_t MarkStackSize                            = 4194304                                   {product} {ergonomic}
   size_t MaxHeapSize                              = 2009071616                                {product} {ergonomic}
   size_t MinHeapDeltaBytes                        = 1048576                                   {product} {ergonomic}
   size_t MinHeapSize                              = 8388608                                   {product} {ergonomic}
    uintx NonNMethodCodeHeapSize                   = 5839372                                {pd product} {ergonomic}
    uintx NonProfiledCodeHeapSize                  = 122909434                              {pd product} {ergonomic}
    uintx ProfiledCodeHeapSize                     = 122909434                              {pd product} {ergonomic}
    uintx ReservedCodeCacheSize                    = 251658240                              {pd product} {ergonomic}
     bool SegmentedCodeCache                       = true                                      {product} {ergonomic}
   size_t SoftMaxHeapSize                          = 2009071616                             {manageable} {ergonomic}
     bool UseCompressedOops                        = true                           {product lp64_product} {ergonomic}
     bool UseG1GC                                  = true                                      {product} {ergonomic}
     bool UseLargePagesIndividualAllocation        = false                                  {pd product} {ergonomic}

Logging:
Log output configuration:
 #0: stdout all=warning uptime,level,tags foldmultilines=false
 #1: stderr all=off uptime,level,tags foldmultilines=false

Environment Variables:
JAVA_HOME=C:\Program Files\Java\jdk-17
PATH=C:\Program Files\ImageMagick-7.1.2-Q16-HDRI;C:\Program Files\Common Files\Oracle\Java\javapath;C:\WINDOWS\system32;C:\WINDOWS;C:\WINDOWS\System32\Wbem;C:\WINDOWS\System32\WindowsPowerShell\v1.0\;C:\WINDOWS\System32\OpenSSH\;C:\Program Files\dotnet\;C:\Users\DEV-UI-UX\AppData\Local\nvm;C:\nvm4w\nodejs;C:\ProgramData\chocolatey\bin;C:\Program Files\Git\cmd;C:\php;C:\Program Files\Android\Android Studio\jbr\bin;C:\Program Files\Common Files\Oracle\Java\javapath;C:\WINDOWS\system32;C:\WINDOWS;C:\WINDOWS\System32\Wbem;C:\WINDOWS\System32\WindowsPowerShell\v1.0\;C:\WINDOWS\System32\OpenSSH\;C:\Program Files\dotnet\;C:\Users\DEV-UI-UX\AppData\Local\nvm;C:\nvm4w\nodejs;C:\ProgramData\chocolatey\bin;C:\Program Files\Git\cmd;C:\Users\DEV-UI-UX\AppData\Local\Programs\Eclipse Adoptium\jdk-17.0.16.8-hotspot\bin;C:\Users\DEV-UI-UX\.config\herd-lite\bin;C:\Users\DEV-UI-UX\AppData\Local\Microsoft\WindowsApps;C:\Users\DEV-UI-UX\AppData\Local\Programs\Microsoft VS Code\bin;C:\Users\DEV-UI-UX\Documents\logiciels\flutter_windows_3.32.8-stable\flutter\bin;C:\Users\DEV-UI-UX\.dotnet\tools;C:\Users\DEV-UI-UX\AppData\Local\Android\Sdk\cmdline-tools\latest\bin;C:\Program Files\Android\Android Studio\jbr\bin;C:\Users\DEV-UI-UX\AppData\Roaming\npm;C:\Users\DEV-UI-UX\AppData\Local\nvm;C:\nvm4w\nodejs;C:\Users\DEV-UI-UX\Downloads\shellcheck-v0.11.0;;C:\Users\DEV-UI-UX\Documents\logiciels\flutter_windows_3.32.8-stable\flutter\bin\mingit\cmd
USERNAME=DEV-UI-UX
OS=Windows_NT
PROCESSOR_IDENTIFIER=Intel64 Family 6 Model 170 Stepping 4, GenuineIntel
TMP=C:\Users\DEV-UI~1\AppData\Local\Temp
TEMP=C:\Users\DEV-UI~1\AppData\Local\Temp




Periodic native trim disabled

JNI global refs:
JNI global refs: 0, weak refs: 0

JNI global refs memory usage: 0, weak refs: 0

Process memory usage:
Resident Set Size: 12280K (0% of 7841260K total physical memory with 1432K free physical memory)

OOME stack traces (most recent first):
Classloader memory used:

---------------  S Y S T E M  ---------------

OS:
 Windows 11 , 64 bit Build 26100 (10.0.26100.6725)
OS uptime: 5 days 5:37 hours
Hyper-V role detected

CPU: total 14 (initial active 14) (7 cores per cpu, 2 threads per core) family 6 model 170 stepping 4 microcode 0x24, cx8, cmov, fxsr, ht, mmx, 3dnowpref, sse, sse2, sse3, ssse3, sse4.1, sse4.2, popcnt, lzcnt, tsc, tscinvbit, avx, avx2, aes, erms, clmul, bmi1, bmi2, adx, sha, fma, vzeroupper, clflush, clflushopt, clwb, hv, serialize, rdtscp, rdpid, fsrm, f16c, cet_ibt, cet_ss
Processor Information for processor 0
  Max Mhz: 1300, Current Mhz: 1300, Mhz Limit: 1300
Processor Information for processor 1
  Max Mhz: 1300, Current Mhz: 1300, Mhz Limit: 1300
Processor Information for processor 2
  Max Mhz: 800, Current Mhz: 800, Mhz Limit: 800
Processor Information for processor 3
  Max Mhz: 800, Current Mhz: 800, Mhz Limit: 800
Processor Information for processor 4
  Max Mhz: 800, Current Mhz: 800, Mhz Limit: 800
Processor Information for processor 5
  Max Mhz: 800, Current Mhz: 800, Mhz Limit: 800
Processor Information for processor 6
  Max Mhz: 800, Current Mhz: 800, Mhz Limit: 800
Processor Information for processor 7
  Max Mhz: 800, Current Mhz: 800, Mhz Limit: 800
Processor Information for processor 8
  Max Mhz: 800, Current Mhz: 800, Mhz Limit: 800
Processor Information for processor 9
  Max Mhz: 800, Current Mhz: 800, Mhz Limit: 800
Processor Information for processor 10
  Max Mhz: 1300, Current Mhz: 1300, Mhz Limit: 1300
Processor Information for processor 11
  Max Mhz: 1300, Current Mhz: 1300, Mhz Limit: 1300
Processor Information for processor 12
  Max Mhz: 700, Current Mhz: 700, Mhz Limit: 700
Processor Information for processor 13
  Max Mhz: 700, Current Mhz: 700, Mhz Limit: 700

Memory: 4k page, system-wide physical 7657M (1M free)
TotalPageFile size 31209M (AvailPageFile size 80M)
current process WorkingSet (physical memory assigned to process): 12M, peak: 12M
current process commit charge ("private bytes"): 66M, peak: 186M

vm_info: OpenJDK 64-Bit Server VM (21.0.6+-13391695-b895.109) for windows-amd64 JRE (21.0.6+-13391695-b895.109), built on 2025-04-22T21:19:17Z by "builder" with MS VC++ 16.10 / 16.11 (VS2019)

END.
